<?xml version="1.0"?>
<testsuites>
  <testsuite name="PhantomJS 1.9.8 (Windows 7 0.0.0)" package="" timestamp="2015-06-22T16:41:59" id="0" hostname="MOngoDB3" tests="2" errors="0" failures="1" time="0.007">
    <properties>
      <property name="browser.fullName" value="Mozilla/5.0 (Windows NT 6.1; WOW64) AppleWebKit/534.34 (KHTML, like Gecko) PhantomJS/1.9.8 Safari/534.34"/>
    </properties>
    <testcase name="this is a test" time="0.006" classname="PhantomJS 1.9.8 (Windows 7 0.0.0).Controller: HelloWorldController"/>
    <testcase name="this is another test (which should fail)" time="0.001" classname="PhantomJS 1.9.8 (Windows 7 0.0.0).Controller: HelloWorldController">
      <failure type="">Expected 1 to be 0.
    at C:/dev/MedExplorer/src/client/test/spec/controllers/helloworld.js:30
</failure>
    </testcase>
    <system-out><![CDATA[
]]></system-out>
    <system-err/>
  </testsuite>
</testsuites>
