{"C:\\dev\\MedExplorer\\src\\server\\routes\\REST.js":{"path":"C:\\dev\\MedExplorer\\src\\server\\routes\\REST.js","s":{"1":1,"2":1,"3":1,"4":1,"5":1,"6":1,"7":1,"8":0,"9":1,"10":0,"11":0,"12":0,"13":1,"14":1,"15":1,"16":0,"17":1,"18":0,"19":1,"20":1,"21":1,"22":1,"23":1,"24":1,"25":1,"26":1,"27":1,"28":1},"b":{"1":[0,1],"2":[1,1,1,1,1],"3":[0,0],"4":[0,1]},"f":{"1":1,"2":0,"3":1,"4":0,"5":1,"6":1,"7":1,"8":0},"fnMap":{"1":{"name":"search","line":17,"loc":{"start":{"line":17,"column":0},"end":{"line":17,"column":26}}},"2":{"name":"(anonymous_2)","line":30,"loc":{"start":{"line":30,"column":124},"end":{"line":30,"column":154}}},"3":{"name":"recentRecalls","line":48,"loc":{"start":{"line":48,"column":0},"end":{"line":48,"column":33}}},"4":{"name":"(anonymous_4)","line":52,"loc":{"start":{"line":52,"column":42},"end":{"line":52,"column":72}}},"5":{"name":"getTrendingDrugs","line":63,"loc":{"start":{"line":63,"column":0},"end":{"line":63,"column":36}}},"6":{"name":"(anonymous_6)","line":64,"loc":{"start":{"line":64,"column":30},"end":{"line":64,"column":60}}},"7":{"name":"setTrendingDrugs","line":75,"loc":{"start":{"line":75,"column":0},"end":{"line":75,"column":36}}},"8":{"name":"(anonymous_8)","line":76,"loc":{"start":{"line":76,"column":40},"end":{"line":76,"column":51}}}},"statementMap":{"1":{"start":{"line":2,"column":0},"end":{"line":2,"column":33}},"2":{"start":{"line":3,"column":0},"end":{"line":3,"column":54}},"3":{"start":{"line":4,"column":0},"end":{"line":4,"column":30}},"4":{"start":{"line":6,"column":0},"end":{"line":11,"column":2}},"5":{"start":{"line":16,"column":0},"end":{"line":16,"column":35}},"6":{"start":{"line":17,"column":0},"end":{"line":45,"column":1}},"7":{"start":{"line":18,"column":2},"end":{"line":44,"column":3}},"8":{"start":{"line":23,"column":4},"end":{"line":27,"column":7}},"9":{"start":{"line":30,"column":4},"end":{"line":43,"column":7}},"10":{"start":{"line":31,"column":6},"end":{"line":37,"column":7}},"11":{"start":{"line":32,"column":8},"end":{"line":36,"column":11}},"12":{"start":{"line":38,"column":6},"end":{"line":42,"column":9}},"13":{"start":{"line":47,"column":0},"end":{"line":47,"column":49}},"14":{"start":{"line":48,"column":0},"end":{"line":59,"column":1}},"15":{"start":{"line":49,"column":2},"end":{"line":51,"column":3}},"16":{"start":{"line":50,"column":4},"end":{"line":50,"column":23}},"17":{"start":{"line":52,"column":2},"end":{"line":58,"column":5}},"18":{"start":{"line":53,"column":4},"end":{"line":57,"column":7}},"19":{"start":{"line":62,"column":0},"end":{"line":62,"column":52}},"20":{"start":{"line":63,"column":0},"end":{"line":71,"column":1}},"21":{"start":{"line":64,"column":2},"end":{"line":70,"column":5}},"22":{"start":{"line":65,"column":4},"end":{"line":69,"column":7}},"23":{"start":{"line":74,"column":0},"end":{"line":74,"column":53}},"24":{"start":{"line":75,"column":0},"end":{"line":78,"column":1}},"25":{"start":{"line":76,"column":2},"end":{"line":76,"column":55}},"26":{"start":{"line":77,"column":2},"end":{"line":77,"column":32}},"27":{"start":{"line":80,"column":0},"end":{"line":80,"column":24}},"28":{"start":{"line":81,"column":0},"end":{"line":81,"column":41}}},"branchMap":{"1":{"line":18,"type":"if","locations":[{"start":{"line":18,"column":2},"end":{"line":18,"column":2}},{"start":{"line":18,"column":2},"end":{"line":18,"column":2}}]},"2":{"line":18,"type":"binary-expr","locations":[{"start":{"line":18,"column":7},"end":{"line":18,"column":23}},{"start":{"line":19,"column":11},"end":{"line":19,"column":25}},{"start":{"line":20,"column":11},"end":{"line":20,"column":26}},{"start":{"line":21,"column":11},"end":{"line":21,"column":26}},{"start":{"line":22,"column":11},"end":{"line":22,"column":26}}]},"3":{"line":31,"type":"if","locations":[{"start":{"line":31,"column":6},"end":{"line":31,"column":6}},{"start":{"line":31,"column":6},"end":{"line":31,"column":6}}]},"4":{"line":49,"type":"if","locations":[{"start":{"line":49,"column":2},"end":{"line":49,"column":2}},{"start":{"line":49,"column":2},"end":{"line":49,"column":2}}]}}},"C:\\dev\\MedExplorer\\src\\server\\controllers\\datasource.js":{"path":"C:\\dev\\MedExplorer\\src\\server\\controllers\\datasource.js","s":{"1":1,"2":1,"3":1,"4":1,"5":1,"6":1,"7":1,"8":1,"9":1,"10":1,"11":1,"12":1,"13":1,"14":1,"15":0,"16":0,"17":1,"18":1,"19":1,"20":0,"21":0,"22":1,"23":0,"24":1,"25":0,"26":0,"27":0,"28":0,"29":0,"30":0,"31":0,"32":0,"33":0,"34":0,"35":0,"36":0,"37":0,"38":0,"39":0,"40":0,"41":0,"42":0,"43":1,"44":1,"45":1,"46":1,"47":0,"48":0,"49":1,"50":1,"51":1,"52":1,"53":0,"54":0,"55":1,"56":0,"57":1,"58":0,"59":1,"60":1,"61":1,"62":1,"63":1,"64":1,"65":0,"66":0,"67":1,"68":0,"69":1,"70":1,"71":1,"72":0,"73":0,"74":1,"75":0,"76":0,"77":1,"78":1,"79":0,"80":1,"81":1,"82":2,"83":2,"84":2,"85":2,"86":2,"87":2,"88":2,"89":2,"90":2,"91":2,"92":1,"93":1,"94":1,"95":1,"96":1,"97":1,"98":2,"99":2,"100":1,"101":1,"102":1,"103":2,"104":2,"105":2,"106":1,"107":1,"108":0,"109":0,"110":0,"111":0,"112":1,"113":1,"114":1,"115":1,"116":0,"117":0,"118":0,"119":0,"120":0,"121":0,"122":0,"123":0,"124":0,"125":0,"126":0,"127":0,"128":0,"129":1,"130":0,"131":0,"132":1,"133":0,"134":1,"135":4,"136":4,"137":4,"138":4,"139":4,"140":507,"141":507,"142":18,"143":18,"144":1,"145":1,"146":8,"147":8,"148":8,"149":8,"150":1,"151":1,"152":1,"153":4,"154":1,"155":5,"156":5,"157":4,"158":1,"159":5,"160":2,"161":3,"162":5,"163":1,"164":1,"165":1,"166":1,"167":1,"168":1,"169":1,"170":1,"171":1,"172":1,"173":1,"174":3,"175":3,"176":3,"177":2,"178":2,"179":2,"180":0,"181":0,"182":0,"183":0,"184":0,"185":0,"186":0,"187":0,"188":0,"189":0,"190":0,"191":0,"192":0,"193":0,"194":0,"195":0,"196":1,"197":2,"198":2,"199":2,"200":0,"201":0,"202":0,"203":0,"204":0,"205":0,"206":0,"207":0,"208":1,"209":1,"210":6,"211":6,"212":4,"213":0,"214":0,"215":4,"216":0,"217":4,"218":4,"219":4,"220":4,"221":4,"222":0,"223":0,"224":4,"225":4,"226":1,"227":1,"228":1,"229":4,"230":0,"231":4,"232":4,"233":1,"234":1,"235":1,"236":1,"237":1,"238":1,"239":0,"240":0,"241":0,"242":0,"243":0,"244":0,"245":0,"246":0,"247":0,"248":0,"249":0,"250":0,"251":1,"252":1},"b":{"1":[0,1],"2":[0,1],"3":[0,1],"4":[0,1],"5":[0,0],"6":[0,0],"7":[0,0],"8":[0,0],"9":[0,0],"10":[0,0],"11":[0,0],"12":[1,0],"13":[0,1],"14":[0,1],"15":[0,1],"16":[0,1],"17":[0,1],"18":[0,1],"19":[0,1],"20":[1,1],"21":[3,2],"22":[1,1],"23":[2,1],"24":[0,1],"25":[0,0],"26":[1,0],"27":[0,0],"28":[0,0],"29":[18,489],"30":[1,1,2,5,6,7,8,8,2,6,7,8,1],"31":[4,1],"32":[2,3],"33":[1,0],"34":[2,0],"35":[0,0],"36":[2,0],"37":[2,0],"38":[2,1],"39":[0,0],"40":[0,0],"41":[0,4],"42":[0,4],"43":[0,4],"44":[1,3],"45":[4,3],"46":[0,4],"47":[4,2],"48":[0,1],"49":[0,0],"50":[0,0]},"f":{"1":1,"2":1,"3":1,"4":0,"5":1,"6":1,"7":1,"8":0,"9":1,"10":1,"11":1,"12":0,"13":1,"14":2,"15":1,"16":1,"17":0,"18":0,"19":0,"20":0,"21":4,"22":5,"23":1,"24":3,"25":2,"26":0,"27":0,"28":0,"29":0,"30":0,"31":2,"32":0,"33":0,"34":6,"35":4,"36":4,"37":1,"38":1,"39":0},"fnMap":{"1":{"name":"(anonymous_1)","line":23,"loc":{"start":{"line":23,"column":27},"end":{"line":23,"column":46}}},"2":{"name":"(anonymous_2)","line":26,"loc":{"start":{"line":26,"column":10},"end":{"line":26,"column":28}}},"3":{"name":"(anonymous_3)","line":33,"loc":{"start":{"line":33,"column":23},"end":{"line":33,"column":45}}},"4":{"name":"(anonymous_4)","line":43,"loc":{"start":{"line":43,"column":60},"end":{"line":43,"column":81}}},"5":{"name":"(anonymous_5)","line":74,"loc":{"start":{"line":74,"column":51},"end":{"line":74,"column":73}}},"6":{"name":"(anonymous_6)","line":80,"loc":{"start":{"line":80,"column":42},"end":{"line":80,"column":57}}},"7":{"name":"(anonymous_7)","line":83,"loc":{"start":{"line":83,"column":64},"end":{"line":83,"column":86}}},"8":{"name":"(anonymous_8)","line":89,"loc":{"start":{"line":89,"column":55},"end":{"line":89,"column":70}}},"9":{"name":"(anonymous_9)","line":106,"loc":{"start":{"line":106,"column":27},"end":{"line":106,"column":42}}},"10":{"name":"(anonymous_10)","line":110,"loc":{"start":{"line":110,"column":10},"end":{"line":110,"column":28}}},"11":{"name":"(anonymous_11)","line":120,"loc":{"start":{"line":120,"column":65},"end":{"line":120,"column":85}}},"12":{"name":"(anonymous_12)","line":127,"loc":{"start":{"line":127,"column":82},"end":{"line":127,"column":102}}},"13":{"name":"(anonymous_13)","line":131,"loc":{"start":{"line":131,"column":94},"end":{"line":131,"column":114}}},"14":{"name":"(anonymous_14)","line":149,"loc":{"start":{"line":149,"column":17},"end":{"line":149,"column":82}}},"15":{"name":"(anonymous_15)","line":182,"loc":{"start":{"line":182,"column":35},"end":{"line":182,"column":49}}},"16":{"name":"(anonymous_16)","line":195,"loc":{"start":{"line":195,"column":32},"end":{"line":195,"column":43}}},"17":{"name":"(anonymous_17)","line":197,"loc":{"start":{"line":197,"column":46},"end":{"line":197,"column":60}}},"18":{"name":"(anonymous_18)","line":201,"loc":{"start":{"line":201,"column":27},"end":{"line":201,"column":44}}},"19":{"name":"(anonymous_19)","line":205,"loc":{"start":{"line":205,"column":26},"end":{"line":205,"column":37}}},"20":{"name":"(anonymous_20)","line":223,"loc":{"start":{"line":223,"column":26},"end":{"line":223,"column":40}}},"21":{"name":"dateDecrement","line":237,"loc":{"start":{"line":237,"column":0},"end":{"line":237,"column":38}}},"22":{"name":"dateFormat","line":266,"loc":{"start":{"line":266,"column":0},"end":{"line":266,"column":34}}},"23":{"name":"(anonymous_23)","line":284,"loc":{"start":{"line":284,"column":24},"end":{"line":284,"column":48}}},"24":{"name":"fetchloop","line":296,"loc":{"start":{"line":296,"column":2},"end":{"line":296,"column":41}}},"25":{"name":"(anonymous_25)","line":305,"loc":{"start":{"line":305,"column":35},"end":{"line":305,"column":50}}},"26":{"name":"(anonymous_26)","line":312,"loc":{"start":{"line":312,"column":32},"end":{"line":312,"column":43}}},"27":{"name":"(anonymous_27)","line":313,"loc":{"start":{"line":313,"column":42},"end":{"line":313,"column":56}}},"28":{"name":"(anonymous_28)","line":317,"loc":{"start":{"line":317,"column":27},"end":{"line":317,"column":44}}},"29":{"name":"(anonymous_29)","line":321,"loc":{"start":{"line":321,"column":26},"end":{"line":321,"column":37}}},"30":{"name":"(anonymous_30)","line":328,"loc":{"start":{"line":328,"column":26},"end":{"line":328,"column":40}}},"31":{"name":"resultCheck","line":338,"loc":{"start":{"line":338,"column":4},"end":{"line":338,"column":34}}},"32":{"name":"(anonymous_32)","line":347,"loc":{"start":{"line":347,"column":63},"end":{"line":347,"column":78}}},"33":{"name":"(anonymous_33)","line":354,"loc":{"start":{"line":354,"column":51},"end":{"line":354,"column":66}}},"34":{"name":"retriveFromCache","line":371,"loc":{"start":{"line":371,"column":0},"end":{"line":371,"column":43}}},"35":{"name":"(anonymous_35)","line":373,"loc":{"start":{"line":373,"column":10},"end":{"line":373,"column":28}}},"36":{"name":"(anonymous_36)","line":386,"loc":{"start":{"line":386,"column":46},"end":{"line":386,"column":66}}},"37":{"name":"cleanCache","line":412,"loc":{"start":{"line":412,"column":0},"end":{"line":412,"column":32}}},"38":{"name":"insertIntoCache","line":419,"loc":{"start":{"line":419,"column":0},"end":{"line":419,"column":40}}},"39":{"name":"(anonymous_39)","line":422,"loc":{"start":{"line":422,"column":12},"end":{"line":422,"column":30}}}},"statementMap":{"1":{"start":{"line":2,"column":0},"end":{"line":2,"column":27}},"2":{"start":{"line":3,"column":0},"end":{"line":3,"column":29}},"3":{"start":{"line":4,"column":0},"end":{"line":4,"column":23}},"4":{"start":{"line":5,"column":0},"end":{"line":5,"column":49}},"5":{"start":{"line":6,"column":0},"end":{"line":6,"column":31}},"6":{"start":{"line":7,"column":0},"end":{"line":7,"column":39}},"7":{"start":{"line":8,"column":0},"end":{"line":8,"column":49}},"8":{"start":{"line":10,"column":0},"end":{"line":10,"column":38}},"9":{"start":{"line":12,"column":0},"end":{"line":12,"column":57}},"10":{"start":{"line":14,"column":0},"end":{"line":20,"column":2}},"11":{"start":{"line":23,"column":0},"end":{"line":103,"column":2}},"12":{"start":{"line":25,"column":2},"end":{"line":25,"column":82}},"13":{"start":{"line":26,"column":2},"end":{"line":102,"column":5}},"14":{"start":{"line":27,"column":4},"end":{"line":101,"column":5}},"15":{"start":{"line":28,"column":6},"end":{"line":28,"column":23}},"16":{"start":{"line":29,"column":6},"end":{"line":29,"column":17}},"17":{"start":{"line":32,"column":6},"end":{"line":32,"column":55}},"18":{"start":{"line":33,"column":6},"end":{"line":100,"column":9}},"19":{"start":{"line":34,"column":8},"end":{"line":99,"column":9}},"20":{"start":{"line":35,"column":10},"end":{"line":35,"column":27}},"21":{"start":{"line":36,"column":10},"end":{"line":36,"column":21}},"22":{"start":{"line":38,"column":13},"end":{"line":99,"column":9}},"23":{"start":{"line":39,"column":10},"end":{"line":39,"column":51}},"24":{"start":{"line":42,"column":10},"end":{"line":98,"column":11}},"25":{"start":{"line":43,"column":12},"end":{"line":70,"column":15}},"26":{"start":{"line":44,"column":14},"end":{"line":44,"column":52}},"27":{"start":{"line":45,"column":14},"end":{"line":50,"column":15}},"28":{"start":{"line":46,"column":16},"end":{"line":46,"column":41}},"29":{"start":{"line":49,"column":16},"end":{"line":49,"column":42}},"30":{"start":{"line":51,"column":14},"end":{"line":51,"column":29}},"31":{"start":{"line":52,"column":14},"end":{"line":59,"column":15}},"32":{"start":{"line":53,"column":16},"end":{"line":58,"column":17}},"33":{"start":{"line":54,"column":18},"end":{"line":57,"column":19}},"34":{"start":{"line":55,"column":20},"end":{"line":55,"column":66}},"35":{"start":{"line":56,"column":20},"end":{"line":56,"column":56}},"36":{"start":{"line":60,"column":14},"end":{"line":67,"column":15}},"37":{"start":{"line":61,"column":16},"end":{"line":66,"column":17}},"38":{"start":{"line":62,"column":18},"end":{"line":65,"column":19}},"39":{"start":{"line":63,"column":20},"end":{"line":63,"column":48}},"40":{"start":{"line":64,"column":20},"end":{"line":64,"column":47}},"41":{"start":{"line":68,"column":14},"end":{"line":68,"column":39}},"42":{"start":{"line":69,"column":14},"end":{"line":69,"column":25}},"43":{"start":{"line":72,"column":15},"end":{"line":98,"column":11}},"44":{"start":{"line":73,"column":12},"end":{"line":73,"column":29}},"45":{"start":{"line":74,"column":12},"end":{"line":97,"column":15}},"46":{"start":{"line":75,"column":14},"end":{"line":96,"column":15}},"47":{"start":{"line":76,"column":16},"end":{"line":76,"column":33}},"48":{"start":{"line":77,"column":16},"end":{"line":77,"column":27}},"49":{"start":{"line":80,"column":16},"end":{"line":82,"column":32}},"50":{"start":{"line":81,"column":18},"end":{"line":81,"column":43}},"51":{"start":{"line":83,"column":16},"end":{"line":95,"column":19}},"52":{"start":{"line":84,"column":18},"end":{"line":94,"column":19}},"53":{"start":{"line":85,"column":20},"end":{"line":85,"column":37}},"54":{"start":{"line":86,"column":20},"end":{"line":86,"column":31}},"55":{"start":{"line":89,"column":20},"end":{"line":91,"column":36}},"56":{"start":{"line":90,"column":22},"end":{"line":90,"column":47}},"57":{"start":{"line":92,"column":20},"end":{"line":92,"column":49}},"58":{"start":{"line":93,"column":20},"end":{"line":93,"column":31}},"59":{"start":{"line":106,"column":0},"end":{"line":141,"column":2}},"60":{"start":{"line":107,"column":2},"end":{"line":107,"column":41}},"61":{"start":{"line":108,"column":2},"end":{"line":108,"column":45}},"62":{"start":{"line":109,"column":2},"end":{"line":109,"column":82}},"63":{"start":{"line":110,"column":2},"end":{"line":140,"column":5}},"64":{"start":{"line":111,"column":4},"end":{"line":139,"column":5}},"65":{"start":{"line":112,"column":6},"end":{"line":112,"column":23}},"66":{"start":{"line":113,"column":6},"end":{"line":113,"column":17}},"67":{"start":{"line":115,"column":9},"end":{"line":139,"column":5}},"68":{"start":{"line":116,"column":6},"end":{"line":116,"column":47}},"69":{"start":{"line":119,"column":6},"end":{"line":119,"column":55}},"70":{"start":{"line":120,"column":6},"end":{"line":138,"column":9}},"71":{"start":{"line":121,"column":8},"end":{"line":137,"column":9}},"72":{"start":{"line":122,"column":10},"end":{"line":122,"column":27}},"73":{"start":{"line":123,"column":10},"end":{"line":123,"column":21}},"74":{"start":{"line":126,"column":10},"end":{"line":130,"column":11}},"75":{"start":{"line":127,"column":12},"end":{"line":129,"column":15}},"76":{"start":{"line":128,"column":14},"end":{"line":128,"column":25}},"77":{"start":{"line":131,"column":10},"end":{"line":136,"column":13}},"78":{"start":{"line":132,"column":12},"end":{"line":134,"column":13}},"79":{"start":{"line":133,"column":14},"end":{"line":133,"column":31}},"80":{"start":{"line":135,"column":12},"end":{"line":135,"column":23}},"81":{"start":{"line":149,"column":0},"end":{"line":235,"column":2}},"82":{"start":{"line":151,"column":2},"end":{"line":151,"column":76}},"83":{"start":{"line":152,"column":2},"end":{"line":152,"column":58}},"84":{"start":{"line":153,"column":2},"end":{"line":153,"column":61}},"85":{"start":{"line":154,"column":2},"end":{"line":154,"column":61}},"86":{"start":{"line":155,"column":2},"end":{"line":155,"column":61}},"87":{"start":{"line":156,"column":2},"end":{"line":156,"column":61}},"88":{"start":{"line":157,"column":2},"end":{"line":157,"column":70}},"89":{"start":{"line":159,"column":2},"end":{"line":234,"column":3}},"90":{"start":{"line":160,"column":4},"end":{"line":160,"column":27}},"91":{"start":{"line":161,"column":4},"end":{"line":178,"column":5}},"92":{"start":{"line":162,"column":6},"end":{"line":162,"column":23}},"93":{"start":{"line":163,"column":6},"end":{"line":163,"column":32}},"94":{"start":{"line":164,"column":6},"end":{"line":164,"column":23}},"95":{"start":{"line":165,"column":6},"end":{"line":165,"column":32}},"96":{"start":{"line":167,"column":6},"end":{"line":167,"column":93}},"97":{"start":{"line":168,"column":6},"end":{"line":173,"column":7}},"98":{"start":{"line":169,"column":8},"end":{"line":169,"column":70}},"99":{"start":{"line":170,"column":8},"end":{"line":172,"column":9}},"100":{"start":{"line":171,"column":10},"end":{"line":171,"column":34}},"101":{"start":{"line":174,"column":6},"end":{"line":174,"column":40}},"102":{"start":{"line":177,"column":6},"end":{"line":177,"column":175}},"103":{"start":{"line":179,"column":4},"end":{"line":179,"column":49}},"104":{"start":{"line":181,"column":4},"end":{"line":181,"column":20}},"105":{"start":{"line":182,"column":4},"end":{"line":231,"column":7}},"106":{"start":{"line":183,"column":6},"end":{"line":183,"column":25}},"107":{"start":{"line":184,"column":6},"end":{"line":230,"column":7}},"108":{"start":{"line":185,"column":8},"end":{"line":185,"column":35}},"109":{"start":{"line":186,"column":8},"end":{"line":191,"column":9}},"110":{"start":{"line":187,"column":10},"end":{"line":187,"column":36}},"111":{"start":{"line":190,"column":10},"end":{"line":190,"column":51}},"112":{"start":{"line":194,"column":8},"end":{"line":194,"column":36}},"113":{"start":{"line":195,"column":8},"end":{"line":229,"column":11}},"114":{"start":{"line":196,"column":10},"end":{"line":196,"column":61}},"115":{"start":{"line":197,"column":10},"end":{"line":221,"column":13}},"116":{"start":{"line":198,"column":12},"end":{"line":198,"column":28}},"117":{"start":{"line":199,"column":12},"end":{"line":199,"column":36}},"118":{"start":{"line":201,"column":12},"end":{"line":203,"column":15}},"119":{"start":{"line":202,"column":14},"end":{"line":202,"column":30}},"120":{"start":{"line":205,"column":12},"end":{"line":220,"column":15}},"121":{"start":{"line":206,"column":12},"end":{"line":219,"column":13}},"122":{"start":{"line":207,"column":14},"end":{"line":207,"column":43}},"123":{"start":{"line":208,"column":14},"end":{"line":208,"column":80}},"124":{"start":{"line":209,"column":14},"end":{"line":214,"column":15}},"125":{"start":{"line":210,"column":16},"end":{"line":210,"column":55}},"126":{"start":{"line":213,"column":16},"end":{"line":213,"column":55}},"127":{"start":{"line":216,"column":14},"end":{"line":216,"column":49}},"128":{"start":{"line":218,"column":16},"end":{"line":218,"column":33}},"129":{"start":{"line":223,"column":10},"end":{"line":226,"column":13}},"130":{"start":{"line":224,"column":12},"end":{"line":224,"column":29}},"131":{"start":{"line":225,"column":12},"end":{"line":225,"column":37}},"132":{"start":{"line":228,"column":10},"end":{"line":228,"column":20}},"133":{"start":{"line":233,"column":4},"end":{"line":233,"column":21}},"134":{"start":{"line":237,"column":0},"end":{"line":264,"column":1}},"135":{"start":{"line":238,"column":2},"end":{"line":238,"column":48}},"136":{"start":{"line":239,"column":2},"end":{"line":239,"column":46}},"137":{"start":{"line":240,"column":2},"end":{"line":240,"column":46}},"138":{"start":{"line":241,"column":2},"end":{"line":241,"column":24}},"139":{"start":{"line":242,"column":2},"end":{"line":262,"column":3}},"140":{"start":{"line":243,"column":4},"end":{"line":243,"column":9}},"141":{"start":{"line":244,"column":4},"end":{"line":261,"column":5}},"142":{"start":{"line":245,"column":6},"end":{"line":245,"column":11}},"143":{"start":{"line":246,"column":6},"end":{"line":260,"column":7}},"144":{"start":{"line":248,"column":10},"end":{"line":248,"column":18}},"145":{"start":{"line":249,"column":10},"end":{"line":249,"column":16}},"146":{"start":{"line":251,"column":10},"end":{"line":251,"column":18}},"147":{"start":{"line":252,"column":10},"end":{"line":252,"column":16}},"148":{"start":{"line":254,"column":10},"end":{"line":254,"column":18}},"149":{"start":{"line":255,"column":10},"end":{"line":255,"column":16}},"150":{"start":{"line":257,"column":10},"end":{"line":257,"column":18}},"151":{"start":{"line":258,"column":10},"end":{"line":258,"column":18}},"152":{"start":{"line":259,"column":10},"end":{"line":259,"column":17}},"153":{"start":{"line":263,"column":2},"end":{"line":263,"column":34}},"154":{"start":{"line":266,"column":0},"end":{"line":281,"column":1}},"155":{"start":{"line":267,"column":2},"end":{"line":267,"column":27}},"156":{"start":{"line":268,"column":2},"end":{"line":273,"column":3}},"157":{"start":{"line":269,"column":4},"end":{"line":269,"column":25}},"158":{"start":{"line":272,"column":4},"end":{"line":272,"column":24}},"159":{"start":{"line":274,"column":2},"end":{"line":279,"column":3}},"160":{"start":{"line":275,"column":4},"end":{"line":275,"column":25}},"161":{"start":{"line":278,"column":4},"end":{"line":278,"column":24}},"162":{"start":{"line":280,"column":2},"end":{"line":280,"column":18}},"163":{"start":{"line":284,"column":0},"end":{"line":365,"column":2}},"164":{"start":{"line":285,"column":2},"end":{"line":285,"column":25}},"165":{"start":{"line":286,"column":2},"end":{"line":286,"column":25}},"166":{"start":{"line":287,"column":2},"end":{"line":287,"column":27}},"167":{"start":{"line":288,"column":2},"end":{"line":288,"column":32}},"168":{"start":{"line":289,"column":2},"end":{"line":289,"column":33}},"169":{"start":{"line":290,"column":2},"end":{"line":290,"column":42}},"170":{"start":{"line":291,"column":2},"end":{"line":291,"column":53}},"171":{"start":{"line":292,"column":2},"end":{"line":292,"column":10}},"172":{"start":{"line":294,"column":2},"end":{"line":294,"column":19}},"173":{"start":{"line":296,"column":2},"end":{"line":363,"column":3}},"174":{"start":{"line":297,"column":4},"end":{"line":298,"column":60}},"175":{"start":{"line":300,"column":4},"end":{"line":301,"column":95}},"176":{"start":{"line":305,"column":4},"end":{"line":336,"column":7}},"177":{"start":{"line":306,"column":6},"end":{"line":335,"column":7}},"178":{"start":{"line":307,"column":8},"end":{"line":307,"column":45}},"179":{"start":{"line":308,"column":8},"end":{"line":308,"column":26}},"180":{"start":{"line":311,"column":8},"end":{"line":311,"column":46}},"181":{"start":{"line":312,"column":8},"end":{"line":334,"column":11}},"182":{"start":{"line":313,"column":10},"end":{"line":327,"column":13}},"183":{"start":{"line":314,"column":12},"end":{"line":314,"column":28}},"184":{"start":{"line":315,"column":12},"end":{"line":315,"column":36}},"185":{"start":{"line":317,"column":12},"end":{"line":319,"column":15}},"186":{"start":{"line":318,"column":14},"end":{"line":318,"column":30}},"187":{"start":{"line":321,"column":12},"end":{"line":326,"column":15}},"188":{"start":{"line":322,"column":14},"end":{"line":322,"column":43}},"189":{"start":{"line":323,"column":14},"end":{"line":323,"column":80}},"190":{"start":{"line":324,"column":14},"end":{"line":324,"column":49}},"191":{"start":{"line":325,"column":14},"end":{"line":325,"column":31}},"192":{"start":{"line":328,"column":10},"end":{"line":331,"column":13}},"193":{"start":{"line":329,"column":12},"end":{"line":329,"column":29}},"194":{"start":{"line":330,"column":12},"end":{"line":330,"column":37}},"195":{"start":{"line":333,"column":10},"end":{"line":333,"column":20}},"196":{"start":{"line":338,"column":4},"end":{"line":362,"column":5}},"197":{"start":{"line":339,"column":6},"end":{"line":361,"column":7}},"198":{"start":{"line":340,"column":8},"end":{"line":350,"column":9}},"199":{"start":{"line":341,"column":10},"end":{"line":341,"column":50}},"200":{"start":{"line":343,"column":13},"end":{"line":350,"column":9}},"201":{"start":{"line":344,"column":10},"end":{"line":344,"column":51}},"202":{"start":{"line":347,"column":10},"end":{"line":349,"column":34}},"203":{"start":{"line":348,"column":12},"end":{"line":348,"column":69}},"204":{"start":{"line":353,"column":8},"end":{"line":360,"column":9}},"205":{"start":{"line":354,"column":10},"end":{"line":356,"column":28}},"206":{"start":{"line":355,"column":12},"end":{"line":355,"column":69}},"207":{"start":{"line":359,"column":10},"end":{"line":359,"column":44}},"208":{"start":{"line":369,"column":0},"end":{"line":369,"column":39}},"209":{"start":{"line":371,"column":0},"end":{"line":410,"column":1}},"210":{"start":{"line":372,"column":2},"end":{"line":372,"column":82}},"211":{"start":{"line":373,"column":2},"end":{"line":409,"column":5}},"212":{"start":{"line":374,"column":4},"end":{"line":408,"column":5}},"213":{"start":{"line":375,"column":8},"end":{"line":375,"column":25}},"214":{"start":{"line":376,"column":8},"end":{"line":376,"column":19}},"215":{"start":{"line":378,"column":9},"end":{"line":408,"column":5}},"216":{"start":{"line":379,"column":6},"end":{"line":379,"column":47}},"217":{"start":{"line":382,"column":6},"end":{"line":382,"column":46}},"218":{"start":{"line":383,"column":6},"end":{"line":383,"column":58}},"219":{"start":{"line":385,"column":6},"end":{"line":385,"column":25}},"220":{"start":{"line":386,"column":6},"end":{"line":407,"column":9}},"221":{"start":{"line":387,"column":8},"end":{"line":406,"column":9}},"222":{"start":{"line":388,"column":10},"end":{"line":388,"column":27}},"223":{"start":{"line":389,"column":10},"end":{"line":389,"column":21}},"224":{"start":{"line":392,"column":10},"end":{"line":392,"column":26}},"225":{"start":{"line":396,"column":10},"end":{"line":400,"column":11}},"226":{"start":{"line":397,"column":12},"end":{"line":397,"column":52}},"227":{"start":{"line":398,"column":12},"end":{"line":398,"column":35}},"228":{"start":{"line":399,"column":12},"end":{"line":399,"column":24}},"229":{"start":{"line":401,"column":10},"end":{"line":403,"column":11}},"230":{"start":{"line":402,"column":12},"end":{"line":402,"column":37}},"231":{"start":{"line":404,"column":10},"end":{"line":404,"column":25}},"232":{"start":{"line":405,"column":10},"end":{"line":405,"column":21}},"233":{"start":{"line":412,"column":0},"end":{"line":417,"column":1}},"234":{"start":{"line":414,"column":2},"end":{"line":414,"column":74}},"235":{"start":{"line":415,"column":2},"end":{"line":415,"column":60}},"236":{"start":{"line":416,"column":2},"end":{"line":416,"column":32}},"237":{"start":{"line":419,"column":0},"end":{"line":440,"column":1}},"238":{"start":{"line":420,"column":2},"end":{"line":439,"column":3}},"239":{"start":{"line":421,"column":4},"end":{"line":421,"column":84}},"240":{"start":{"line":422,"column":4},"end":{"line":438,"column":7}},"241":{"start":{"line":423,"column":6},"end":{"line":437,"column":7}},"242":{"start":{"line":424,"column":8},"end":{"line":424,"column":25}},"243":{"start":{"line":425,"column":8},"end":{"line":425,"column":19}},"244":{"start":{"line":427,"column":11},"end":{"line":437,"column":7}},"245":{"start":{"line":428,"column":8},"end":{"line":428,"column":49}},"246":{"start":{"line":431,"column":8},"end":{"line":431,"column":60}},"247":{"start":{"line":433,"column":8},"end":{"line":433,"column":49}},"248":{"start":{"line":434,"column":8},"end":{"line":434,"column":32}},"249":{"start":{"line":435,"column":8},"end":{"line":435,"column":34}},"250":{"start":{"line":436,"column":8},"end":{"line":436,"column":19}},"251":{"start":{"line":443,"column":0},"end":{"line":447,"column":1}},"252":{"start":{"line":449,"column":0},"end":{"line":449,"column":37}}},"branchMap":{"1":{"line":27,"type":"if","locations":[{"start":{"line":27,"column":4},"end":{"line":27,"column":4}},{"start":{"line":27,"column":4},"end":{"line":27,"column":4}}]},"2":{"line":34,"type":"if","locations":[{"start":{"line":34,"column":8},"end":{"line":34,"column":8}},{"start":{"line":34,"column":8},"end":{"line":34,"column":8}}]},"3":{"line":38,"type":"if","locations":[{"start":{"line":38,"column":13},"end":{"line":38,"column":13}},{"start":{"line":38,"column":13},"end":{"line":38,"column":13}}]},"4":{"line":42,"type":"if","locations":[{"start":{"line":42,"column":10},"end":{"line":42,"column":10}},{"start":{"line":42,"column":10},"end":{"line":42,"column":10}}]},"5":{"line":45,"type":"if","locations":[{"start":{"line":45,"column":14},"end":{"line":45,"column":14}},{"start":{"line":45,"column":14},"end":{"line":45,"column":14}}]},"6":{"line":52,"type":"if","locations":[{"start":{"line":52,"column":14},"end":{"line":52,"column":14}},{"start":{"line":52,"column":14},"end":{"line":52,"column":14}}]},"7":{"line":52,"type":"binary-expr","locations":[{"start":{"line":52,"column":17},"end":{"line":52,"column":21}},{"start":{"line":52,"column":25},"end":{"line":52,"column":42}}]},"8":{"line":54,"type":"if","locations":[{"start":{"line":54,"column":18},"end":{"line":54,"column":18}},{"start":{"line":54,"column":18},"end":{"line":54,"column":18}}]},"9":{"line":60,"type":"if","locations":[{"start":{"line":60,"column":14},"end":{"line":60,"column":14}},{"start":{"line":60,"column":14},"end":{"line":60,"column":14}}]},"10":{"line":60,"type":"binary-expr","locations":[{"start":{"line":60,"column":17},"end":{"line":60,"column":21}},{"start":{"line":60,"column":25},"end":{"line":60,"column":33}}]},"11":{"line":62,"type":"if","locations":[{"start":{"line":62,"column":18},"end":{"line":62,"column":18}},{"start":{"line":62,"column":18},"end":{"line":62,"column":18}}]},"12":{"line":72,"type":"if","locations":[{"start":{"line":72,"column":15},"end":{"line":72,"column":15}},{"start":{"line":72,"column":15},"end":{"line":72,"column":15}}]},"13":{"line":75,"type":"if","locations":[{"start":{"line":75,"column":14},"end":{"line":75,"column":14}},{"start":{"line":75,"column":14},"end":{"line":75,"column":14}}]},"14":{"line":84,"type":"if","locations":[{"start":{"line":84,"column":18},"end":{"line":84,"column":18}},{"start":{"line":84,"column":18},"end":{"line":84,"column":18}}]},"15":{"line":111,"type":"if","locations":[{"start":{"line":111,"column":4},"end":{"line":111,"column":4}},{"start":{"line":111,"column":4},"end":{"line":111,"column":4}}]},"16":{"line":115,"type":"if","locations":[{"start":{"line":115,"column":9},"end":{"line":115,"column":9}},{"start":{"line":115,"column":9},"end":{"line":115,"column":9}}]},"17":{"line":121,"type":"if","locations":[{"start":{"line":121,"column":8},"end":{"line":121,"column":8}},{"start":{"line":121,"column":8},"end":{"line":121,"column":8}}]},"18":{"line":126,"type":"if","locations":[{"start":{"line":126,"column":10},"end":{"line":126,"column":10}},{"start":{"line":126,"column":10},"end":{"line":126,"column":10}}]},"19":{"line":132,"type":"if","locations":[{"start":{"line":132,"column":12},"end":{"line":132,"column":12}},{"start":{"line":132,"column":12},"end":{"line":132,"column":12}}]},"20":{"line":161,"type":"if","locations":[{"start":{"line":161,"column":4},"end":{"line":161,"column":4}},{"start":{"line":161,"column":4},"end":{"line":161,"column":4}}]},"21":{"line":168,"type":"binary-expr","locations":[{"start":{"line":168,"column":21},"end":{"line":168,"column":37}},{"start":{"line":168,"column":41},"end":{"line":168,"column":57}}]},"22":{"line":170,"type":"if","locations":[{"start":{"line":170,"column":8},"end":{"line":170,"column":8}},{"start":{"line":170,"column":8},"end":{"line":170,"column":8}}]},"23":{"line":170,"type":"binary-expr","locations":[{"start":{"line":170,"column":11},"end":{"line":170,"column":31}},{"start":{"line":170,"column":35},"end":{"line":170,"column":55}}]},"24":{"line":184,"type":"if","locations":[{"start":{"line":184,"column":6},"end":{"line":184,"column":6}},{"start":{"line":184,"column":6},"end":{"line":184,"column":6}}]},"25":{"line":186,"type":"if","locations":[{"start":{"line":186,"column":8},"end":{"line":186,"column":8}},{"start":{"line":186,"column":8},"end":{"line":186,"column":8}}]},"26":{"line":196,"type":"cond-expr","locations":[{"start":{"line":196,"column":48},"end":{"line":196,"column":53}},{"start":{"line":196,"column":56},"end":{"line":196,"column":60}}]},"27":{"line":208,"type":"cond-expr","locations":[{"start":{"line":208,"column":59},"end":{"line":208,"column":62}},{"start":{"line":208,"column":65},"end":{"line":208,"column":79}}]},"28":{"line":209,"type":"if","locations":[{"start":{"line":209,"column":14},"end":{"line":209,"column":14}},{"start":{"line":209,"column":14},"end":{"line":209,"column":14}}]},"29":{"line":244,"type":"if","locations":[{"start":{"line":244,"column":4},"end":{"line":244,"column":4}},{"start":{"line":244,"column":4},"end":{"line":244,"column":4}}]},"30":{"line":246,"type":"switch","locations":[{"start":{"line":247,"column":8},"end":{"line":249,"column":16}},{"start":{"line":250,"column":8},"end":{"line":250,"column":15}},{"start":{"line":250,"column":16},"end":{"line":250,"column":23}},{"start":{"line":250,"column":24},"end":{"line":250,"column":31}},{"start":{"line":250,"column":32},"end":{"line":250,"column":39}},{"start":{"line":250,"column":40},"end":{"line":250,"column":47}},{"start":{"line":250,"column":48},"end":{"line":250,"column":56}},{"start":{"line":250,"column":57},"end":{"line":252,"column":16}},{"start":{"line":253,"column":8},"end":{"line":253,"column":15}},{"start":{"line":253,"column":16},"end":{"line":253,"column":23}},{"start":{"line":253,"column":24},"end":{"line":253,"column":31}},{"start":{"line":253,"column":32},"end":{"line":255,"column":16}},{"start":{"line":256,"column":8},"end":{"line":259,"column":17}}]},"31":{"line":268,"type":"if","locations":[{"start":{"line":268,"column":2},"end":{"line":268,"column":2}},{"start":{"line":268,"column":2},"end":{"line":268,"column":2}}]},"32":{"line":274,"type":"if","locations":[{"start":{"line":274,"column":2},"end":{"line":274,"column":2}},{"start":{"line":274,"column":2},"end":{"line":274,"column":2}}]},"33":{"line":291,"type":"cond-expr","locations":[{"start":{"line":291,"column":40},"end":{"line":291,"column":45}},{"start":{"line":291,"column":48},"end":{"line":291,"column":52}}]},"34":{"line":306,"type":"if","locations":[{"start":{"line":306,"column":6},"end":{"line":306,"column":6}},{"start":{"line":306,"column":6},"end":{"line":306,"column":6}}]},"35":{"line":323,"type":"cond-expr","locations":[{"start":{"line":323,"column":59},"end":{"line":323,"column":62}},{"start":{"line":323,"column":65},"end":{"line":323,"column":79}}]},"36":{"line":339,"type":"if","locations":[{"start":{"line":339,"column":6},"end":{"line":339,"column":6}},{"start":{"line":339,"column":6},"end":{"line":339,"column":6}}]},"37":{"line":340,"type":"if","locations":[{"start":{"line":340,"column":8},"end":{"line":340,"column":8}},{"start":{"line":340,"column":8},"end":{"line":340,"column":8}}]},"38":{"line":340,"type":"binary-expr","locations":[{"start":{"line":340,"column":11},"end":{"line":340,"column":40}},{"start":{"line":340,"column":44},"end":{"line":340,"column":72}}]},"39":{"line":343,"type":"if","locations":[{"start":{"line":343,"column":13},"end":{"line":343,"column":13}},{"start":{"line":343,"column":13},"end":{"line":343,"column":13}}]},"40":{"line":353,"type":"if","locations":[{"start":{"line":353,"column":8},"end":{"line":353,"column":8}},{"start":{"line":353,"column":8},"end":{"line":353,"column":8}}]},"41":{"line":374,"type":"if","locations":[{"start":{"line":374,"column":4},"end":{"line":374,"column":4}},{"start":{"line":374,"column":4},"end":{"line":374,"column":4}}]},"42":{"line":378,"type":"if","locations":[{"start":{"line":378,"column":9},"end":{"line":378,"column":9}},{"start":{"line":378,"column":9},"end":{"line":378,"column":9}}]},"43":{"line":387,"type":"if","locations":[{"start":{"line":387,"column":8},"end":{"line":387,"column":8}},{"start":{"line":387,"column":8},"end":{"line":387,"column":8}}]},"44":{"line":396,"type":"if","locations":[{"start":{"line":396,"column":10},"end":{"line":396,"column":10}},{"start":{"line":396,"column":10},"end":{"line":396,"column":10}}]},"45":{"line":396,"type":"binary-expr","locations":[{"start":{"line":396,"column":13},"end":{"line":396,"column":17}},{"start":{"line":396,"column":21},"end":{"line":396,"column":85}}]},"46":{"line":401,"type":"if","locations":[{"start":{"line":401,"column":10},"end":{"line":401,"column":10}},{"start":{"line":401,"column":10},"end":{"line":401,"column":10}}]},"47":{"line":401,"type":"binary-expr","locations":[{"start":{"line":401,"column":13},"end":{"line":401,"column":17}},{"start":{"line":401,"column":21},"end":{"line":401,"column":40}}]},"48":{"line":420,"type":"if","locations":[{"start":{"line":420,"column":2},"end":{"line":420,"column":2}},{"start":{"line":420,"column":2},"end":{"line":420,"column":2}}]},"49":{"line":423,"type":"if","locations":[{"start":{"line":423,"column":6},"end":{"line":423,"column":6}},{"start":{"line":423,"column":6},"end":{"line":423,"column":6}}]},"50":{"line":427,"type":"if","locations":[{"start":{"line":427,"column":11},"end":{"line":427,"column":11}},{"start":{"line":427,"column":11},"end":{"line":427,"column":11}}]}}}}