{"C:\\dev\\MedExplorer\\src\\server\\routes\\REST.js":{"path":"C:\\dev\\MedExplorer\\src\\server\\routes\\REST.js","s":{"1":1,"2":1,"3":1,"4":1,"5":1,"6":1,"7":1,"8":1,"9":1,"10":1,"11":0,"12":1,"13":0,"14":0,"15":0,"16":1,"17":1,"18":1,"19":0,"20":1,"21":0,"22":1,"23":1,"24":1,"25":0,"26":1,"27":1,"28":1,"29":1,"30":1},"b":{"1":[0,1],"2":[1,1,1,1,1],"3":[0,0],"4":[0,1]},"f":{"1":1,"2":1,"3":0,"4":1,"5":0,"6":1,"7":0,"8":1,"9":0},"fnMap":{"1":{"name":"testFunction","line":14,"loc":{"start":{"line":14,"column":0},"end":{"line":14,"column":32}}},"2":{"name":"search","line":27,"loc":{"start":{"line":27,"column":0},"end":{"line":27,"column":26}}},"3":{"name":"(anonymous_3)","line":39,"loc":{"start":{"line":39,"column":124},"end":{"line":39,"column":154}}},"4":{"name":"recentRecalls","line":55,"loc":{"start":{"line":55,"column":0},"end":{"line":55,"column":33}}},"5":{"name":"(anonymous_5)","line":58,"loc":{"start":{"line":58,"column":42},"end":{"line":58,"column":72}}},"6":{"name":"getTrendingDrugs","line":68,"loc":{"start":{"line":68,"column":0},"end":{"line":68,"column":36}}},"7":{"name":"(anonymous_7)","line":69,"loc":{"start":{"line":69,"column":30},"end":{"line":69,"column":60}}},"8":{"name":"setTrendingDrugs","line":79,"loc":{"start":{"line":79,"column":0},"end":{"line":79,"column":36}}},"9":{"name":"(anonymous_9)","line":80,"loc":{"start":{"line":80,"column":40},"end":{"line":80,"column":51}}}},"statementMap":{"1":{"start":{"line":2,"column":0},"end":{"line":2,"column":33}},"2":{"start":{"line":3,"column":0},"end":{"line":3,"column":54}},"3":{"start":{"line":4,"column":0},"end":{"line":4,"column":30}},"4":{"start":{"line":6,"column":0},"end":{"line":12,"column":2}},"5":{"start":{"line":14,"column":0},"end":{"line":18,"column":1}},"6":{"start":{"line":15,"column":2},"end":{"line":17,"column":5}},"7":{"start":{"line":23,"column":0},"end":{"line":23,"column":53}},"8":{"start":{"line":26,"column":0},"end":{"line":26,"column":35}},"9":{"start":{"line":27,"column":0},"end":{"line":52,"column":1}},"10":{"start":{"line":28,"column":2},"end":{"line":51,"column":3}},"11":{"start":{"line":33,"column":4},"end":{"line":36,"column":7}},"12":{"start":{"line":39,"column":4},"end":{"line":50,"column":7}},"13":{"start":{"line":40,"column":6},"end":{"line":45,"column":7}},"14":{"start":{"line":41,"column":8},"end":{"line":44,"column":11}},"15":{"start":{"line":46,"column":6},"end":{"line":49,"column":9}},"16":{"start":{"line":54,"column":0},"end":{"line":54,"column":49}},"17":{"start":{"line":55,"column":0},"end":{"line":64,"column":1}},"18":{"start":{"line":56,"column":2},"end":{"line":57,"column":23}},"19":{"start":{"line":57,"column":4},"end":{"line":57,"column":23}},"20":{"start":{"line":58,"column":2},"end":{"line":63,"column":5}},"21":{"start":{"line":59,"column":4},"end":{"line":62,"column":7}},"22":{"start":{"line":67,"column":0},"end":{"line":67,"column":52}},"23":{"start":{"line":68,"column":0},"end":{"line":75,"column":1}},"24":{"start":{"line":69,"column":2},"end":{"line":74,"column":5}},"25":{"start":{"line":70,"column":4},"end":{"line":73,"column":7}},"26":{"start":{"line":78,"column":0},"end":{"line":78,"column":53}},"27":{"start":{"line":79,"column":0},"end":{"line":81,"column":1}},"28":{"start":{"line":80,"column":2},"end":{"line":80,"column":55}},"29":{"start":{"line":83,"column":0},"end":{"line":83,"column":24}},"30":{"start":{"line":84,"column":0},"end":{"line":84,"column":41}}},"branchMap":{"1":{"line":28,"type":"if","locations":[{"start":{"line":28,"column":2},"end":{"line":28,"column":2}},{"start":{"line":28,"column":2},"end":{"line":28,"column":2}}]},"2":{"line":28,"type":"binary-expr","locations":[{"start":{"line":28,"column":7},"end":{"line":28,"column":23}},{"start":{"line":29,"column":11},"end":{"line":29,"column":25}},{"start":{"line":30,"column":11},"end":{"line":30,"column":26}},{"start":{"line":31,"column":11},"end":{"line":31,"column":26}},{"start":{"line":32,"column":11},"end":{"line":32,"column":26}}]},"3":{"line":40,"type":"if","locations":[{"start":{"line":40,"column":6},"end":{"line":40,"column":6}},{"start":{"line":40,"column":6},"end":{"line":40,"column":6}}]},"4":{"line":56,"type":"if","locations":[{"start":{"line":56,"column":2},"end":{"line":56,"column":2}},{"start":{"line":56,"column":2},"end":{"line":56,"column":2}}]}}},"C:\\dev\\MedExplorer\\src\\server\\controllers\\datasource.js":{"path":"C:\\dev\\MedExplorer\\src\\server\\controllers\\datasource.js","s":{"1":1,"2":1,"3":1,"4":1,"5":1,"6":1,"7":1,"8":1,"9":1,"10":0,"11":0,"12":0,"13":0,"14":0,"15":0,"16":0,"17":0,"18":0,"19":0,"20":0,"21":0,"22":0,"23":0,"24":0,"25":0,"26":0,"27":0,"28":0,"29":0,"30":0,"31":0,"32":0,"33":0,"34":0,"35":0,"36":1,"37":1,"38":1,"39":0,"40":0,"41":0,"42":0,"43":0,"44":0,"45":1,"46":1,"47":1,"48":1,"49":1,"50":1,"51":0,"52":0,"53":0,"54":0,"55":0,"56":0,"57":0,"58":0,"59":1,"60":1,"61":1,"62":1,"63":0,"64":0,"65":0,"66":0,"67":0,"68":0,"69":0,"70":0,"71":0,"72":0,"73":0,"74":0,"75":0,"76":0,"77":0,"78":0,"79":0,"80":0,"81":0,"82":0,"83":0,"84":0,"85":0,"86":0,"87":0,"88":0,"89":0,"90":1,"91":1,"92":1,"93":1,"94":1,"95":1,"96":30,"97":30,"98":1,"99":1,"100":0,"101":0,"102":1,"103":1,"104":0,"105":0,"106":0,"107":0,"108":0,"109":1,"110":1,"111":2,"112":2,"113":2,"114":0,"115":2,"116":0,"117":2,"118":2,"119":1,"120":1,"121":1,"122":1,"123":1,"124":1,"125":1,"126":1,"127":1,"128":1,"129":1,"130":1,"131":1,"132":1,"133":1,"134":1,"135":0,"136":0,"137":0,"138":0,"139":0,"140":0,"141":0,"142":0,"143":0,"144":0,"145":0,"146":0,"147":0,"148":0,"149":0,"150":0,"151":0,"152":0,"153":1,"154":0,"155":0,"156":0,"157":0,"158":0,"159":0,"160":0,"161":0,"162":0,"163":0,"164":0,"165":0,"166":1,"167":1,"168":2,"169":2,"170":0,"171":0,"172":0,"173":0,"174":0,"175":0,"176":0,"177":0,"178":0,"179":0,"180":0,"181":0,"182":0,"183":1,"184":0,"185":0,"186":0,"187":1,"188":0,"189":0,"190":0,"191":0,"192":0,"193":0,"194":0,"195":0},"b":{"1":[0,0],"2":[0,0],"3":[0,0],"4":[0,0],"5":[0,0],"6":[0,1],"7":[0,0],"8":[0,0],"9":[0,0],"10":[0,0],"11":[0,0],"12":[0,0],"13":[0,0],"14":[0,0],"15":[1,29],"16":[0,0,0,1,1,1,1,1,0,0,0,0,0],"17":[2,0],"18":[0,2],"19":[1,0],"20":[0,0],"21":[0,0],"22":[0,0],"23":[0,0],"24":[0,0],"25":[0,0],"26":[0,0],"27":[0,0],"28":[0,0],"29":[0,0],"30":[0,0],"31":[0,0]},"f":{"1":1,"2":0,"3":0,"4":0,"5":0,"6":0,"7":0,"8":0,"9":1,"10":0,"11":0,"12":0,"13":1,"14":0,"15":0,"16":0,"17":0,"18":0,"19":1,"20":2,"21":1,"22":1,"23":0,"24":0,"25":0,"26":0,"27":0,"28":0,"29":0,"30":0,"31":2,"32":0,"33":0,"34":0,"35":0,"36":0},"fnMap":{"1":{"name":"(anonymous_1)","line":9,"loc":{"start":{"line":9,"column":27},"end":{"line":9,"column":46}}},"2":{"name":"(anonymous_2)","line":12,"loc":{"start":{"line":12,"column":10},"end":{"line":12,"column":28}}},"3":{"name":"(anonymous_3)","line":14,"loc":{"start":{"line":14,"column":21},"end":{"line":14,"column":43}}},"4":{"name":"(anonymous_4)","line":16,"loc":{"start":{"line":16,"column":56},"end":{"line":16,"column":77}}},"5":{"name":"(anonymous_5)","line":37,"loc":{"start":{"line":37,"column":47},"end":{"line":37,"column":69}}},"6":{"name":"(anonymous_6)","line":38,"loc":{"start":{"line":38,"column":36},"end":{"line":38,"column":51}}},"7":{"name":"(anonymous_7)","line":39,"loc":{"start":{"line":39,"column":58},"end":{"line":39,"column":80}}},"8":{"name":"(anonymous_8)","line":40,"loc":{"start":{"line":40,"column":47},"end":{"line":40,"column":62}}},"9":{"name":"(anonymous_9)","line":50,"loc":{"start":{"line":50,"column":27},"end":{"line":50,"column":42}}},"10":{"name":"(anonymous_10)","line":52,"loc":{"start":{"line":52,"column":10},"end":{"line":52,"column":28}}},"11":{"name":"(anonymous_11)","line":54,"loc":{"start":{"line":54,"column":63},"end":{"line":54,"column":83}}},"12":{"name":"(anonymous_12)","line":58,"loc":{"start":{"line":58,"column":90},"end":{"line":58,"column":110}}},"13":{"name":"(anonymous_13)","line":81,"loc":{"start":{"line":81,"column":17},"end":{"line":81,"column":82}}},"14":{"name":"(anonymous_14)","line":103,"loc":{"start":{"line":103,"column":35},"end":{"line":103,"column":49}}},"15":{"name":"(anonymous_15)","line":117,"loc":{"start":{"line":117,"column":44},"end":{"line":117,"column":58}}},"16":{"name":"(anonymous_16)","line":121,"loc":{"start":{"line":121,"column":25},"end":{"line":121,"column":42}}},"17":{"name":"(anonymous_17)","line":125,"loc":{"start":{"line":125,"column":24},"end":{"line":125,"column":35}}},"18":{"name":"(anonymous_18)","line":143,"loc":{"start":{"line":143,"column":24},"end":{"line":143,"column":38}}},"19":{"name":"dateDecrement","line":156,"loc":{"start":{"line":156,"column":0},"end":{"line":156,"column":38}}},"20":{"name":"dateFormat","line":185,"loc":{"start":{"line":185,"column":0},"end":{"line":185,"column":34}}},"21":{"name":"(anonymous_21)","line":198,"loc":{"start":{"line":198,"column":24},"end":{"line":198,"column":48}}},"22":{"name":"fetchloop","line":209,"loc":{"start":{"line":209,"column":2},"end":{"line":209,"column":41}}},"23":{"name":"(anonymous_23)","line":214,"loc":{"start":{"line":214,"column":35},"end":{"line":214,"column":50}}},"24":{"name":"(anonymous_24)","line":221,"loc":{"start":{"line":221,"column":40},"end":{"line":221,"column":54}}},"25":{"name":"(anonymous_25)","line":225,"loc":{"start":{"line":225,"column":25},"end":{"line":225,"column":42}}},"26":{"name":"(anonymous_26)","line":229,"loc":{"start":{"line":229,"column":24},"end":{"line":229,"column":35}}},"27":{"name":"(anonymous_27)","line":236,"loc":{"start":{"line":236,"column":24},"end":{"line":236,"column":38}}},"28":{"name":"resultCheck","line":245,"loc":{"start":{"line":245,"column":4},"end":{"line":245,"column":46}}},"29":{"name":"(anonymous_29)","line":255,"loc":{"start":{"line":255,"column":65},"end":{"line":255,"column":80}}},"30":{"name":"(anonymous_30)","line":260,"loc":{"start":{"line":260,"column":53},"end":{"line":260,"column":68}}},"31":{"name":"retriveFromCache","line":273,"loc":{"start":{"line":273,"column":0},"end":{"line":273,"column":43}}},"32":{"name":"(anonymous_32)","line":275,"loc":{"start":{"line":275,"column":10},"end":{"line":275,"column":28}}},"33":{"name":"(anonymous_33)","line":279,"loc":{"start":{"line":279,"column":44},"end":{"line":279,"column":64}}},"34":{"name":"cleanCache","line":300,"loc":{"start":{"line":300,"column":0},"end":{"line":300,"column":24}}},"35":{"name":"insertIntoCache","line":307,"loc":{"start":{"line":307,"column":0},"end":{"line":307,"column":40}}},"36":{"name":"(anonymous_36)","line":310,"loc":{"start":{"line":310,"column":12},"end":{"line":310,"column":30}}}},"statementMap":{"1":{"start":{"line":2,"column":0},"end":{"line":2,"column":27}},"2":{"start":{"line":3,"column":0},"end":{"line":3,"column":29}},"3":{"start":{"line":4,"column":0},"end":{"line":4,"column":23}},"4":{"start":{"line":5,"column":0},"end":{"line":5,"column":49}},"5":{"start":{"line":6,"column":0},"end":{"line":6,"column":31}},"6":{"start":{"line":7,"column":0},"end":{"line":7,"column":39}},"7":{"start":{"line":9,"column":0},"end":{"line":47,"column":2}},"8":{"start":{"line":11,"column":2},"end":{"line":11,"column":82}},"9":{"start":{"line":12,"column":2},"end":{"line":46,"column":5}},"10":{"start":{"line":13,"column":4},"end":{"line":13,"column":53}},"11":{"start":{"line":14,"column":4},"end":{"line":45,"column":7}},"12":{"start":{"line":15,"column":6},"end":{"line":44,"column":7}},"13":{"start":{"line":16,"column":8},"end":{"line":33,"column":11}},"14":{"start":{"line":17,"column":10},"end":{"line":17,"column":48}},"15":{"start":{"line":18,"column":10},"end":{"line":21,"column":38}},"16":{"start":{"line":19,"column":12},"end":{"line":19,"column":37}},"17":{"start":{"line":21,"column":12},"end":{"line":21,"column":38}},"18":{"start":{"line":22,"column":10},"end":{"line":22,"column":25}},"19":{"start":{"line":23,"column":10},"end":{"line":26,"column":11}},"20":{"start":{"line":24,"column":12},"end":{"line":24,"column":58}},"21":{"start":{"line":25,"column":12},"end":{"line":25,"column":48}},"22":{"start":{"line":27,"column":10},"end":{"line":30,"column":11}},"23":{"start":{"line":28,"column":12},"end":{"line":28,"column":40}},"24":{"start":{"line":29,"column":12},"end":{"line":29,"column":39}},"25":{"start":{"line":31,"column":10},"end":{"line":31,"column":35}},"26":{"start":{"line":32,"column":10},"end":{"line":32,"column":21}},"27":{"start":{"line":35,"column":11},"end":{"line":44,"column":7}},"28":{"start":{"line":36,"column":8},"end":{"line":36,"column":25}},"29":{"start":{"line":37,"column":8},"end":{"line":43,"column":11}},"30":{"start":{"line":38,"column":10},"end":{"line":38,"column":95}},"31":{"start":{"line":38,"column":53},"end":{"line":38,"column":78}},"32":{"start":{"line":39,"column":10},"end":{"line":42,"column":13}},"33":{"start":{"line":40,"column":12},"end":{"line":40,"column":106}},"34":{"start":{"line":40,"column":64},"end":{"line":40,"column":89}},"35":{"start":{"line":41,"column":12},"end":{"line":41,"column":41}},"36":{"start":{"line":50,"column":0},"end":{"line":63,"column":2}},"37":{"start":{"line":51,"column":2},"end":{"line":51,"column":82}},"38":{"start":{"line":52,"column":2},"end":{"line":62,"column":5}},"39":{"start":{"line":53,"column":4},"end":{"line":53,"column":53}},"40":{"start":{"line":54,"column":4},"end":{"line":61,"column":7}},"41":{"start":{"line":55,"column":6},"end":{"line":57,"column":7}},"42":{"start":{"line":56,"column":8},"end":{"line":56,"column":78}},"43":{"start":{"line":58,"column":6},"end":{"line":60,"column":9}},"44":{"start":{"line":59,"column":8},"end":{"line":59,"column":19}},"45":{"start":{"line":65,"column":0},"end":{"line":65,"column":57}},"46":{"start":{"line":67,"column":0},"end":{"line":73,"column":2}},"47":{"start":{"line":81,"column":0},"end":{"line":154,"column":2}},"48":{"start":{"line":82,"column":2},"end":{"line":153,"column":3}},"49":{"start":{"line":83,"column":4},"end":{"line":83,"column":27}},"50":{"start":{"line":84,"column":4},"end":{"line":99,"column":5}},"51":{"start":{"line":85,"column":6},"end":{"line":85,"column":32}},"52":{"start":{"line":86,"column":6},"end":{"line":86,"column":32}},"53":{"start":{"line":88,"column":6},"end":{"line":88,"column":93}},"54":{"start":{"line":89,"column":6},"end":{"line":94,"column":7}},"55":{"start":{"line":90,"column":8},"end":{"line":90,"column":70}},"56":{"start":{"line":91,"column":8},"end":{"line":93,"column":9}},"57":{"start":{"line":92,"column":10},"end":{"line":92,"column":34}},"58":{"start":{"line":95,"column":6},"end":{"line":95,"column":40}},"59":{"start":{"line":98,"column":6},"end":{"line":98,"column":175}},"60":{"start":{"line":100,"column":4},"end":{"line":100,"column":30}},"61":{"start":{"line":102,"column":4},"end":{"line":102,"column":20}},"62":{"start":{"line":103,"column":4},"end":{"line":150,"column":7}},"63":{"start":{"line":104,"column":6},"end":{"line":104,"column":25}},"64":{"start":{"line":105,"column":6},"end":{"line":149,"column":7}},"65":{"start":{"line":106,"column":8},"end":{"line":106,"column":35}},"66":{"start":{"line":107,"column":8},"end":{"line":112,"column":9}},"67":{"start":{"line":108,"column":10},"end":{"line":108,"column":36}},"68":{"start":{"line":111,"column":10},"end":{"line":111,"column":51}},"69":{"start":{"line":115,"column":8},"end":{"line":115,"column":36}},"70":{"start":{"line":116,"column":8},"end":{"line":116,"column":58}},"71":{"start":{"line":117,"column":8},"end":{"line":141,"column":11}},"72":{"start":{"line":118,"column":10},"end":{"line":118,"column":26}},"73":{"start":{"line":119,"column":10},"end":{"line":119,"column":34}},"74":{"start":{"line":121,"column":10},"end":{"line":123,"column":13}},"75":{"start":{"line":122,"column":12},"end":{"line":122,"column":28}},"76":{"start":{"line":125,"column":10},"end":{"line":140,"column":13}},"77":{"start":{"line":126,"column":10},"end":{"line":139,"column":11}},"78":{"start":{"line":127,"column":12},"end":{"line":127,"column":41}},"79":{"start":{"line":128,"column":12},"end":{"line":128,"column":77}},"80":{"start":{"line":129,"column":12},"end":{"line":134,"column":13}},"81":{"start":{"line":130,"column":14},"end":{"line":130,"column":53}},"82":{"start":{"line":133,"column":14},"end":{"line":133,"column":53}},"83":{"start":{"line":136,"column":12},"end":{"line":136,"column":47}},"84":{"start":{"line":138,"column":14},"end":{"line":138,"column":31}},"85":{"start":{"line":143,"column":8},"end":{"line":146,"column":11}},"86":{"start":{"line":144,"column":10},"end":{"line":144,"column":27}},"87":{"start":{"line":145,"column":10},"end":{"line":145,"column":35}},"88":{"start":{"line":148,"column":8},"end":{"line":148,"column":18}},"89":{"start":{"line":152,"column":4},"end":{"line":152,"column":21}},"90":{"start":{"line":156,"column":0},"end":{"line":183,"column":1}},"91":{"start":{"line":157,"column":2},"end":{"line":157,"column":48}},"92":{"start":{"line":158,"column":2},"end":{"line":158,"column":46}},"93":{"start":{"line":159,"column":2},"end":{"line":159,"column":46}},"94":{"start":{"line":160,"column":2},"end":{"line":160,"column":24}},"95":{"start":{"line":161,"column":2},"end":{"line":181,"column":3}},"96":{"start":{"line":162,"column":4},"end":{"line":162,"column":9}},"97":{"start":{"line":163,"column":4},"end":{"line":180,"column":5}},"98":{"start":{"line":164,"column":6},"end":{"line":164,"column":11}},"99":{"start":{"line":165,"column":6},"end":{"line":179,"column":7}},"100":{"start":{"line":167,"column":10},"end":{"line":167,"column":18}},"101":{"start":{"line":168,"column":10},"end":{"line":168,"column":16}},"102":{"start":{"line":170,"column":10},"end":{"line":170,"column":18}},"103":{"start":{"line":171,"column":10},"end":{"line":171,"column":16}},"104":{"start":{"line":173,"column":10},"end":{"line":173,"column":18}},"105":{"start":{"line":174,"column":10},"end":{"line":174,"column":16}},"106":{"start":{"line":176,"column":10},"end":{"line":176,"column":18}},"107":{"start":{"line":177,"column":10},"end":{"line":177,"column":18}},"108":{"start":{"line":178,"column":10},"end":{"line":178,"column":17}},"109":{"start":{"line":182,"column":2},"end":{"line":182,"column":34}},"110":{"start":{"line":185,"column":0},"end":{"line":196,"column":1}},"111":{"start":{"line":186,"column":2},"end":{"line":186,"column":27}},"112":{"start":{"line":187,"column":2},"end":{"line":190,"column":24}},"113":{"start":{"line":188,"column":4},"end":{"line":188,"column":25}},"114":{"start":{"line":190,"column":4},"end":{"line":190,"column":24}},"115":{"start":{"line":191,"column":2},"end":{"line":194,"column":24}},"116":{"start":{"line":192,"column":4},"end":{"line":192,"column":25}},"117":{"start":{"line":194,"column":4},"end":{"line":194,"column":24}},"118":{"start":{"line":195,"column":2},"end":{"line":195,"column":18}},"119":{"start":{"line":198,"column":0},"end":{"line":269,"column":1}},"120":{"start":{"line":199,"column":2},"end":{"line":199,"column":25}},"121":{"start":{"line":200,"column":2},"end":{"line":200,"column":25}},"122":{"start":{"line":201,"column":2},"end":{"line":201,"column":27}},"123":{"start":{"line":202,"column":2},"end":{"line":202,"column":32}},"124":{"start":{"line":203,"column":2},"end":{"line":203,"column":33}},"125":{"start":{"line":204,"column":2},"end":{"line":204,"column":42}},"126":{"start":{"line":205,"column":2},"end":{"line":205,"column":52}},"127":{"start":{"line":206,"column":2},"end":{"line":206,"column":10}},"128":{"start":{"line":208,"column":2},"end":{"line":208,"column":19}},"129":{"start":{"line":209,"column":2},"end":{"line":268,"column":3}},"130":{"start":{"line":210,"column":4},"end":{"line":210,"column":21}},"131":{"start":{"line":211,"column":4},"end":{"line":211,"column":132}},"132":{"start":{"line":212,"column":4},"end":{"line":212,"column":152}},"133":{"start":{"line":213,"column":4},"end":{"line":213,"column":30}},"134":{"start":{"line":214,"column":4},"end":{"line":243,"column":7}},"135":{"start":{"line":215,"column":6},"end":{"line":242,"column":7}},"136":{"start":{"line":216,"column":8},"end":{"line":216,"column":45}},"137":{"start":{"line":217,"column":8},"end":{"line":217,"column":46}},"138":{"start":{"line":220,"column":8},"end":{"line":220,"column":46}},"139":{"start":{"line":221,"column":8},"end":{"line":235,"column":11}},"140":{"start":{"line":222,"column":10},"end":{"line":222,"column":26}},"141":{"start":{"line":223,"column":10},"end":{"line":223,"column":34}},"142":{"start":{"line":225,"column":10},"end":{"line":227,"column":13}},"143":{"start":{"line":226,"column":12},"end":{"line":226,"column":28}},"144":{"start":{"line":229,"column":10},"end":{"line":234,"column":13}},"145":{"start":{"line":230,"column":12},"end":{"line":230,"column":41}},"146":{"start":{"line":231,"column":12},"end":{"line":231,"column":77}},"147":{"start":{"line":232,"column":12},"end":{"line":232,"column":46}},"148":{"start":{"line":233,"column":12},"end":{"line":233,"column":48}},"149":{"start":{"line":236,"column":8},"end":{"line":239,"column":11}},"150":{"start":{"line":237,"column":10},"end":{"line":237,"column":27}},"151":{"start":{"line":238,"column":10},"end":{"line":238,"column":35}},"152":{"start":{"line":241,"column":8},"end":{"line":241,"column":18}},"153":{"start":{"line":245,"column":4},"end":{"line":267,"column":5}},"154":{"start":{"line":246,"column":6},"end":{"line":266,"column":7}},"155":{"start":{"line":247,"column":8},"end":{"line":265,"column":9}},"156":{"start":{"line":248,"column":10},"end":{"line":256,"column":11}},"157":{"start":{"line":249,"column":12},"end":{"line":249,"column":52}},"158":{"start":{"line":251,"column":15},"end":{"line":256,"column":11}},"159":{"start":{"line":252,"column":12},"end":{"line":252,"column":53}},"160":{"start":{"line":255,"column":12},"end":{"line":255,"column":162}},"161":{"start":{"line":255,"column":81},"end":{"line":255,"column":138}},"162":{"start":{"line":259,"column":10},"end":{"line":264,"column":11}},"163":{"start":{"line":260,"column":12},"end":{"line":260,"column":144}},"164":{"start":{"line":260,"column":69},"end":{"line":260,"column":126}},"165":{"start":{"line":263,"column":12},"end":{"line":263,"column":46}},"166":{"start":{"line":271,"column":0},"end":{"line":271,"column":39}},"167":{"start":{"line":273,"column":0},"end":{"line":298,"column":1}},"168":{"start":{"line":274,"column":2},"end":{"line":274,"column":82}},"169":{"start":{"line":275,"column":2},"end":{"line":297,"column":5}},"170":{"start":{"line":276,"column":4},"end":{"line":276,"column":56}},"171":{"start":{"line":278,"column":4},"end":{"line":278,"column":23}},"172":{"start":{"line":279,"column":4},"end":{"line":296,"column":7}},"173":{"start":{"line":280,"column":6},"end":{"line":280,"column":22}},"174":{"start":{"line":284,"column":6},"end":{"line":288,"column":7}},"175":{"start":{"line":285,"column":8},"end":{"line":285,"column":48}},"176":{"start":{"line":286,"column":8},"end":{"line":286,"column":23}},"177":{"start":{"line":287,"column":8},"end":{"line":287,"column":20}},"178":{"start":{"line":289,"column":6},"end":{"line":293,"column":7}},"179":{"start":{"line":290,"column":8},"end":{"line":292,"column":9}},"180":{"start":{"line":291,"column":10},"end":{"line":291,"column":35}},"181":{"start":{"line":294,"column":6},"end":{"line":294,"column":21}},"182":{"start":{"line":295,"column":6},"end":{"line":295,"column":17}},"183":{"start":{"line":300,"column":0},"end":{"line":305,"column":1}},"184":{"start":{"line":302,"column":2},"end":{"line":302,"column":84}},"185":{"start":{"line":303,"column":2},"end":{"line":303,"column":60}},"186":{"start":{"line":304,"column":2},"end":{"line":304,"column":24}},"187":{"start":{"line":307,"column":0},"end":{"line":319,"column":1}},"188":{"start":{"line":308,"column":2},"end":{"line":318,"column":3}},"189":{"start":{"line":309,"column":4},"end":{"line":309,"column":84}},"190":{"start":{"line":310,"column":4},"end":{"line":317,"column":7}},"191":{"start":{"line":311,"column":6},"end":{"line":311,"column":58}},"192":{"start":{"line":313,"column":6},"end":{"line":313,"column":37}},"193":{"start":{"line":314,"column":6},"end":{"line":314,"column":30}},"194":{"start":{"line":315,"column":6},"end":{"line":315,"column":32}},"195":{"start":{"line":316,"column":6},"end":{"line":316,"column":17}}},"branchMap":{"1":{"line":15,"type":"if","locations":[{"start":{"line":15,"column":6},"end":{"line":15,"column":6}},{"start":{"line":15,"column":6},"end":{"line":15,"column":6}}]},"2":{"line":15,"type":"binary-expr","locations":[{"start":{"line":15,"column":10},"end":{"line":15,"column":14}},{"start":{"line":15,"column":18},"end":{"line":15,"column":29}}]},"3":{"line":18,"type":"if","locations":[{"start":{"line":18,"column":10},"end":{"line":18,"column":10}},{"start":{"line":18,"column":10},"end":{"line":18,"column":10}}]},"4":{"line":35,"type":"if","locations":[{"start":{"line":35,"column":11},"end":{"line":35,"column":11}},{"start":{"line":35,"column":11},"end":{"line":35,"column":11}}]},"5":{"line":55,"type":"if","locations":[{"start":{"line":55,"column":6},"end":{"line":55,"column":6}},{"start":{"line":55,"column":6},"end":{"line":55,"column":6}}]},"6":{"line":84,"type":"if","locations":[{"start":{"line":84,"column":4},"end":{"line":84,"column":4}},{"start":{"line":84,"column":4},"end":{"line":84,"column":4}}]},"7":{"line":89,"type":"binary-expr","locations":[{"start":{"line":89,"column":21},"end":{"line":89,"column":37}},{"start":{"line":89,"column":41},"end":{"line":89,"column":57}}]},"8":{"line":91,"type":"if","locations":[{"start":{"line":91,"column":8},"end":{"line":91,"column":8}},{"start":{"line":91,"column":8},"end":{"line":91,"column":8}}]},"9":{"line":91,"type":"binary-expr","locations":[{"start":{"line":91,"column":11},"end":{"line":91,"column":31}},{"start":{"line":91,"column":35},"end":{"line":91,"column":55}}]},"10":{"line":105,"type":"if","locations":[{"start":{"line":105,"column":6},"end":{"line":105,"column":6}},{"start":{"line":105,"column":6},"end":{"line":105,"column":6}}]},"11":{"line":107,"type":"if","locations":[{"start":{"line":107,"column":8},"end":{"line":107,"column":8}},{"start":{"line":107,"column":8},"end":{"line":107,"column":8}}]},"12":{"line":116,"type":"cond-expr","locations":[{"start":{"line":116,"column":45},"end":{"line":116,"column":50}},{"start":{"line":116,"column":53},"end":{"line":116,"column":57}}]},"13":{"line":128,"type":"cond-expr","locations":[{"start":{"line":128,"column":56},"end":{"line":128,"column":59}},{"start":{"line":128,"column":62},"end":{"line":128,"column":76}}]},"14":{"line":129,"type":"if","locations":[{"start":{"line":129,"column":12},"end":{"line":129,"column":12}},{"start":{"line":129,"column":12},"end":{"line":129,"column":12}}]},"15":{"line":163,"type":"if","locations":[{"start":{"line":163,"column":4},"end":{"line":163,"column":4}},{"start":{"line":163,"column":4},"end":{"line":163,"column":4}}]},"16":{"line":165,"type":"switch","locations":[{"start":{"line":166,"column":8},"end":{"line":168,"column":16}},{"start":{"line":169,"column":8},"end":{"line":169,"column":15}},{"start":{"line":169,"column":16},"end":{"line":169,"column":23}},{"start":{"line":169,"column":24},"end":{"line":169,"column":31}},{"start":{"line":169,"column":32},"end":{"line":169,"column":39}},{"start":{"line":169,"column":40},"end":{"line":169,"column":47}},{"start":{"line":169,"column":48},"end":{"line":169,"column":56}},{"start":{"line":169,"column":57},"end":{"line":171,"column":16}},{"start":{"line":172,"column":8},"end":{"line":172,"column":15}},{"start":{"line":172,"column":16},"end":{"line":172,"column":23}},{"start":{"line":172,"column":24},"end":{"line":172,"column":31}},{"start":{"line":172,"column":32},"end":{"line":174,"column":16}},{"start":{"line":175,"column":8},"end":{"line":178,"column":17}}]},"17":{"line":187,"type":"if","locations":[{"start":{"line":187,"column":2},"end":{"line":187,"column":2}},{"start":{"line":187,"column":2},"end":{"line":187,"column":2}}]},"18":{"line":191,"type":"if","locations":[{"start":{"line":191,"column":2},"end":{"line":191,"column":2}},{"start":{"line":191,"column":2},"end":{"line":191,"column":2}}]},"19":{"line":205,"type":"cond-expr","locations":[{"start":{"line":205,"column":39},"end":{"line":205,"column":44}},{"start":{"line":205,"column":47},"end":{"line":205,"column":51}}]},"20":{"line":215,"type":"if","locations":[{"start":{"line":215,"column":6},"end":{"line":215,"column":6}},{"start":{"line":215,"column":6},"end":{"line":215,"column":6}}]},"21":{"line":231,"type":"cond-expr","locations":[{"start":{"line":231,"column":56},"end":{"line":231,"column":59}},{"start":{"line":231,"column":62},"end":{"line":231,"column":76}}]},"22":{"line":246,"type":"if","locations":[{"start":{"line":246,"column":6},"end":{"line":246,"column":6}},{"start":{"line":246,"column":6},"end":{"line":246,"column":6}}]},"23":{"line":247,"type":"if","locations":[{"start":{"line":247,"column":8},"end":{"line":247,"column":8}},{"start":{"line":247,"column":8},"end":{"line":247,"column":8}}]},"24":{"line":248,"type":"if","locations":[{"start":{"line":248,"column":10},"end":{"line":248,"column":10}},{"start":{"line":248,"column":10},"end":{"line":248,"column":10}}]},"25":{"line":251,"type":"if","locations":[{"start":{"line":251,"column":15},"end":{"line":251,"column":15}},{"start":{"line":251,"column":15},"end":{"line":251,"column":15}}]},"26":{"line":259,"type":"if","locations":[{"start":{"line":259,"column":10},"end":{"line":259,"column":10}},{"start":{"line":259,"column":10},"end":{"line":259,"column":10}}]},"27":{"line":284,"type":"if","locations":[{"start":{"line":284,"column":6},"end":{"line":284,"column":6}},{"start":{"line":284,"column":6},"end":{"line":284,"column":6}}]},"28":{"line":284,"type":"binary-expr","locations":[{"start":{"line":284,"column":9},"end":{"line":284,"column":13}},{"start":{"line":284,"column":17},"end":{"line":284,"column":91}}]},"29":{"line":289,"type":"if","locations":[{"start":{"line":289,"column":6},"end":{"line":289,"column":6}},{"start":{"line":289,"column":6},"end":{"line":289,"column":6}}]},"30":{"line":290,"type":"if","locations":[{"start":{"line":290,"column":8},"end":{"line":290,"column":8}},{"start":{"line":290,"column":8},"end":{"line":290,"column":8}}]},"31":{"line":308,"type":"if","locations":[{"start":{"line":308,"column":2},"end":{"line":308,"column":2}},{"start":{"line":308,"column":2},"end":{"line":308,"column":2}}]}}}}