TN:
SF:C:\dev\MedExplorer\src\server\routes\REST.js
FN:6,(anonymous_1)
FN:7,(anonymous_2)
FN:8,(anonymous_3)
FN:28,search
FN:42,(anonymous_5)
FN:65,recentRecalls
FN:70,(anonymous_7)
FN:86,getTrendingDrugs
FN:88,(anonymous_9)
FN:104,setTrendingDrugs
FN:106,(anonymous_11)
FNF:11
FNH:6
FNDA:1,(anonymous_1)
FNDA:0,(anonymous_2)
FNDA:0,(anonymous_3)
FNDA:1,search
FNDA:0,(anonymous_5)
FNDA:1,recentRecalls
FNDA:0,(anonymous_7)
FNDA:1,getTrendingDrugs
FNDA:1,(anonymous_9)
FNDA:1,setTrendingDrugs
FNDA:0,(anonymous_11)
DA:2,1
DA:3,1
DA:4,1
DA:6,1
DA:7,1
DA:8,1
DA:9,0
DA:12,1
DA:17,1
DA:27,1
DA:28,1
DA:29,1
DA:30,1
DA:35,0
DA:42,1
DA:43,0
DA:44,0
DA:50,0
DA:59,0
DA:60,0
DA:64,1
DA:65,1
DA:66,1
DA:67,1
DA:68,0
DA:70,1
DA:71,0
DA:79,0
DA:80,0
DA:85,1
DA:86,1
DA:87,1
DA:88,1
DA:89,1
DA:97,0
DA:98,0
DA:103,1
DA:104,1
DA:105,1
DA:106,1
DA:107,1
DA:110,0
DA:111,0
DA:115,1
DA:116,1
LF:45
LH:30
BRDA:30,1,0,0
BRDA:30,1,1,1
BRDA:30,2,0,1
BRDA:30,2,1,1
BRDA:30,2,2,1
BRDA:30,2,3,1
BRDA:30,2,4,1
BRDA:43,3,0,0
BRDA:43,3,1,0
BRDA:67,4,0,0
BRDA:67,4,1,1
BRF:11
BRH:7
end_of_record
TN:
SF:C:\dev\MedExplorer\src\server\controllers\datasource.js
FN:14,(anonymous_1)
FN:15,(anonymous_2)
FN:16,(anonymous_3)
FN:36,(anonymous_4)
FN:39,(anonymous_5)
FN:51,(anonymous_6)
FN:64,(anonymous_7)
FN:104,(anonymous_8)
FN:113,(anonymous_9)
FN:116,(anonymous_10)
FN:125,(anonymous_11)
FN:144,(anonymous_12)
FN:148,(anonymous_13)
FN:163,(anonymous_14)
FN:173,(anonymous_15)
FN:179,(anonymous_16)
FN:200,(anonymous_17)
FN:235,(anonymous_18)
FN:248,(anonymous_19)
FN:250,(anonymous_20)
FN:254,(anonymous_21)
FN:258,(anonymous_22)
FN:276,(anonymous_23)
FN:281,(anonymous_24)
FN:293,dateDecrement
FN:322,dateFormat
FN:340,(anonymous_27)
FN:352,fetchloop
FN:361,(anonymous_29)
FN:369,(anonymous_30)
FN:370,(anonymous_31)
FN:374,(anonymous_32)
FN:378,(anonymous_33)
FN:391,(anonymous_34)
FN:395,(anonymous_35)
FN:406,resultCheck
FN:415,(anonymous_37)
FN:422,(anonymous_38)
FN:439,retrieveFromCache
FN:441,(anonymous_40)
FN:457,(anonymous_41)
FN:488,cleanCache
FN:501,insertIntoCache
FN:504,(anonymous_44)
FN:522,(anonymous_45)
FNF:45
FNH:26
FNDA:1,(anonymous_1)
FNDA:0,(anonymous_2)
FNDA:18,(anonymous_3)
FNDA:1,(anonymous_4)
FNDA:1,(anonymous_5)
FNDA:1,(anonymous_6)
FNDA:0,(anonymous_7)
FNDA:1,(anonymous_8)
FNDA:1,(anonymous_9)
FNDA:1,(anonymous_10)
FNDA:0,(anonymous_11)
FNDA:1,(anonymous_12)
FNDA:1,(anonymous_13)
FNDA:1,(anonymous_14)
FNDA:0,(anonymous_15)
FNDA:1,(anonymous_16)
FNDA:2,(anonymous_17)
FNDA:1,(anonymous_18)
FNDA:1,(anonymous_19)
FNDA:0,(anonymous_20)
FNDA:0,(anonymous_21)
FNDA:0,(anonymous_22)
FNDA:0,(anonymous_23)
FNDA:0,(anonymous_24)
FNDA:3,dateDecrement
FNDA:4,dateFormat
FNDA:1,(anonymous_27)
FNDA:2,fetchloop
FNDA:1,(anonymous_29)
FNDA:0,(anonymous_30)
FNDA:0,(anonymous_31)
FNDA:0,(anonymous_32)
FNDA:0,(anonymous_33)
FNDA:0,(anonymous_34)
FNDA:0,(anonymous_35)
FNDA:1,resultCheck
FNDA:0,(anonymous_37)
FNDA:0,(anonymous_38)
FNDA:5,retrieveFromCache
FNDA:4,(anonymous_40)
FNDA:3,(anonymous_41)
FNDA:1,cleanCache
FNDA:1,insertIntoCache
FNDA:0,(anonymous_44)
FNDA:0,(anonymous_45)
DA:2,1
DA:3,1
DA:4,1
DA:5,1
DA:6,1
DA:7,1
DA:8,1
DA:10,1
DA:12,1
DA:14,1
DA:15,1
DA:16,1
DA:17,18
DA:20,1
DA:25,1
DA:27,1
DA:36,1
DA:38,1
DA:39,1
DA:40,1
DA:41,1
DA:42,1
DA:43,0
DA:44,0
DA:45,0
DA:46,0
DA:47,0
DA:50,1
DA:51,1
DA:52,1
DA:53,0
DA:54,0
DA:55,0
DA:56,0
DA:57,0
DA:59,1
DA:60,0
DA:63,1
DA:64,0
DA:65,0
DA:66,0
DA:69,0
DA:70,0
DA:71,0
DA:73,0
DA:74,0
DA:77,0
DA:79,0
DA:80,0
DA:81,0
DA:82,0
DA:83,0
DA:84,0
DA:88,0
DA:89,0
DA:90,0
DA:91,0
DA:92,0
DA:96,0
DA:97,0
DA:98,0
DA:99,0
DA:102,1
DA:103,1
DA:104,1
DA:105,1
DA:106,0
DA:107,0
DA:108,0
DA:109,0
DA:110,0
DA:113,1
DA:114,1
DA:116,1
DA:117,1
DA:118,0
DA:119,0
DA:120,0
DA:121,0
DA:122,0
DA:125,1
DA:126,0
DA:128,1
DA:129,0
DA:130,0
DA:131,0
DA:144,1
DA:145,1
DA:146,1
DA:147,1
DA:148,1
DA:149,1
DA:150,1
DA:151,1
DA:152,0
DA:153,0
DA:154,0
DA:155,0
DA:156,0
DA:158,1
DA:159,0
DA:162,1
DA:163,1
DA:164,1
DA:165,0
DA:166,0
DA:167,0
DA:168,0
DA:169,0
DA:172,1
DA:173,0
DA:174,0
DA:175,0
DA:176,0
DA:179,1
DA:180,1
DA:181,0
DA:182,0
DA:184,1
DA:185,1
DA:186,1
DA:200,1
DA:202,2
DA:203,2
DA:204,2
DA:205,2
DA:206,1
DA:207,1
DA:208,1
DA:211,0
DA:212,0
DA:213,0
DA:214,0
DA:215,0
DA:216,0
DA:217,0
DA:220,1
DA:221,1
DA:222,2
DA:223,2
DA:224,1
DA:227,1
DA:230,1
DA:232,2
DA:234,2
DA:235,2
DA:236,1
DA:237,1
DA:238,0
DA:239,0
DA:240,0
DA:243,0
DA:247,1
DA:248,1
DA:249,1
DA:250,1
DA:251,0
DA:252,0
DA:254,0
DA:255,0
DA:258,0
DA:259,0
DA:260,0
DA:261,0
DA:262,0
DA:263,0
DA:266,0
DA:269,0
DA:271,0
DA:272,0
DA:273,0
DA:274,0
DA:275,0
DA:276,0
DA:281,1
DA:282,0
DA:283,0
DA:284,0
DA:287,1
DA:293,1
DA:294,3
DA:295,3
DA:296,3
DA:297,3
DA:298,3
DA:299,440
DA:300,440
DA:301,15
DA:302,15
DA:304,1
DA:305,1
DA:307,7
DA:308,7
DA:310,6
DA:311,6
DA:313,1
DA:314,1
DA:315,1
DA:319,3
DA:322,1
DA:323,4
DA:324,4
DA:325,3
DA:328,1
DA:330,4
DA:331,2
DA:334,2
DA:336,4
DA:340,1
DA:341,1
DA:342,1
DA:343,1
DA:344,1
DA:345,1
DA:346,1
DA:347,1
DA:348,1
DA:350,1
DA:352,1
DA:353,2
DA:356,2
DA:360,2
DA:361,2
DA:363,1
DA:364,1
DA:365,1
DA:368,0
DA:369,0
DA:370,0
DA:371,0
DA:372,0
DA:374,0
DA:375,0
DA:378,0
DA:379,0
DA:380,0
DA:381,0
DA:382,0
DA:383,0
DA:386,0
DA:387,0
DA:388,0
DA:389,0
DA:390,0
DA:391,0
DA:395,0
DA:396,0
DA:397,0
DA:398,0
DA:401,0
DA:406,1
DA:407,1
DA:408,1
DA:409,1
DA:411,0
DA:412,0
DA:415,0
DA:416,0
DA:421,0
DA:422,0
DA:423,0
DA:427,0
DA:437,1
DA:439,1
DA:440,5
DA:441,5
DA:442,4
DA:443,4
DA:444,4
DA:445,0
DA:446,0
DA:447,0
DA:448,0
DA:449,0
DA:451,4
DA:452,0
DA:455,4
DA:457,4
DA:458,3
DA:459,0
DA:460,0
DA:461,0
DA:462,0
DA:463,0
DA:466,3
DA:470,3
DA:471,1
DA:472,1
DA:473,1
DA:475,3
DA:476,0
DA:478,3
DA:479,3
DA:480,3
DA:481,3
DA:488,1
DA:489,1
DA:491,1
DA:492,1
DA:493,1
DA:496,0
DA:497,0
DA:501,1
DA:502,1
DA:503,0
DA:504,0
DA:505,0
DA:506,0
DA:507,0
DA:508,0
DA:509,0
DA:510,0
DA:511,0
DA:512,0
DA:514,0
DA:515,0
DA:518,0
DA:520,0
DA:521,0
DA:522,0
DA:525,0
DA:526,0
DA:527,0
DA:534,1
DA:540,1
LF:325
LH:162
BRDA:42,1,0,0
BRDA:42,1,1,1
BRDA:52,2,0,0
BRDA:52,2,1,1
BRDA:59,3,0,0
BRDA:59,3,1,1
BRDA:63,4,0,0
BRDA:63,4,1,1
BRDA:73,5,0,0
BRDA:73,5,1,0
BRDA:80,6,0,0
BRDA:80,6,1,0
BRDA:80,7,0,0
BRDA:80,7,1,0
BRDA:82,8,0,0
BRDA:82,8,1,0
BRDA:88,9,0,0
BRDA:88,9,1,0
BRDA:88,10,0,0
BRDA:88,10,1,0
BRDA:90,11,0,0
BRDA:90,11,1,0
BRDA:102,12,0,1
BRDA:102,12,1,0
BRDA:105,13,0,0
BRDA:105,13,1,1
BRDA:117,14,0,0
BRDA:117,14,1,1
BRDA:151,15,0,0
BRDA:151,15,1,1
BRDA:158,16,0,0
BRDA:158,16,1,1
BRDA:164,17,0,0
BRDA:164,17,1,1
BRDA:172,18,0,0
BRDA:172,18,1,1
BRDA:180,19,0,0
BRDA:180,19,1,1
BRDA:205,20,0,1
BRDA:205,20,1,1
BRDA:221,21,0,3
BRDA:221,21,1,2
BRDA:223,22,0,1
BRDA:223,22,1,1
BRDA:223,23,0,2
BRDA:223,23,1,1
BRDA:237,24,0,0
BRDA:237,24,1,1
BRDA:239,25,0,0
BRDA:239,25,1,0
BRDA:249,26,0,1
BRDA:249,26,1,0
BRDA:261,27,0,0
BRDA:261,27,1,0
BRDA:262,28,0,0
BRDA:262,28,1,0
BRDA:300,29,0,15
BRDA:300,29,1,425
BRDA:302,30,0,1
BRDA:302,30,1,1
BRDA:302,30,2,2
BRDA:302,30,3,4
BRDA:302,30,4,5
BRDA:302,30,5,6
BRDA:302,30,6,7
BRDA:302,30,7,7
BRDA:302,30,8,1
BRDA:302,30,9,4
BRDA:302,30,10,5
BRDA:302,30,11,6
BRDA:302,30,12,1
BRDA:324,31,0,3
BRDA:324,31,1,1
BRDA:330,32,0,2
BRDA:330,32,1,2
BRDA:347,33,0,1
BRDA:347,33,1,0
BRDA:363,34,0,1
BRDA:363,34,1,0
BRDA:381,35,0,0
BRDA:381,35,1,0
BRDA:407,36,0,1
BRDA:407,36,1,0
BRDA:408,37,0,1
BRDA:408,37,1,0
BRDA:408,38,0,1
BRDA:408,38,1,0
BRDA:411,39,0,0
BRDA:411,39,1,0
BRDA:421,40,0,0
BRDA:421,40,1,0
BRDA:444,41,0,0
BRDA:444,41,1,4
BRDA:451,42,0,0
BRDA:451,42,1,4
BRDA:458,43,0,0
BRDA:458,43,1,3
BRDA:470,44,0,1
BRDA:470,44,1,2
BRDA:470,45,0,3
BRDA:470,45,1,2
BRDA:475,46,0,0
BRDA:475,46,1,3
BRDA:475,47,0,3
BRDA:475,47,1,1
BRDA:502,48,0,0
BRDA:502,48,1,1
BRDA:507,49,0,0
BRDA:507,49,1,0
BRDA:514,50,0,0
BRDA:514,50,1,0
BRF:111
BRH:57
end_of_record
