TN:
SF:C:\dev\MedExplorer\src\server\routes\REST.js
FN:14,testFunction
FN:27,search
FN:39,(anonymous_3)
FN:55,recentRecalls
FN:58,(anonymous_5)
FN:68,getTrendingDrugs
FN:69,(anonymous_7)
FN:79,setTrendingDrugs
FN:80,(anonymous_9)
FNF:9
FNH:5
FNDA:1,testFunction
FNDA:1,search
FNDA:0,(anonymous_3)
FNDA:1,recentRecalls
FNDA:0,(anonymous_5)
FNDA:1,getTrendingDrugs
FNDA:0,(anonymous_7)
FNDA:1,setTrendingDrugs
FNDA:0,(anonymous_9)
DA:2,1
DA:3,1
DA:4,1
DA:6,1
DA:14,1
DA:15,1
DA:23,1
DA:26,1
DA:27,1
DA:28,1
DA:33,0
DA:39,1
DA:40,0
DA:41,0
DA:46,0
DA:54,1
DA:55,1
DA:56,1
DA:57,0
DA:58,1
DA:59,0
DA:67,1
DA:68,1
DA:69,1
DA:70,0
DA:78,1
DA:79,1
DA:80,1
DA:83,1
DA:84,1
LF:30
LH:23
BRDA:28,1,0,0
BRDA:28,1,1,1
BRDA:28,2,0,1
BRDA:28,2,1,1
BRDA:28,2,2,1
BRDA:28,2,3,1
BRDA:28,2,4,1
BRDA:40,3,0,0
BRDA:40,3,1,0
BRDA:56,4,0,0
BRDA:56,4,1,1
BRF:11
BRH:7
end_of_record
TN:
SF:C:\dev\MedExplorer\src\server\controllers\datasource.js
FN:9,(anonymous_1)
FN:12,(anonymous_2)
FN:14,(anonymous_3)
FN:16,(anonymous_4)
FN:37,(anonymous_5)
FN:38,(anonymous_6)
FN:39,(anonymous_7)
FN:40,(anonymous_8)
FN:50,(anonymous_9)
FN:52,(anonymous_10)
FN:54,(anonymous_11)
FN:58,(anonymous_12)
FN:81,(anonymous_13)
FN:103,(anonymous_14)
FN:117,(anonymous_15)
FN:121,(anonymous_16)
FN:125,(anonymous_17)
FN:143,(anonymous_18)
FN:156,dateDecrement
FN:185,dateFormat
FN:198,(anonymous_21)
FN:209,fetchloop
FN:214,(anonymous_23)
FN:221,(anonymous_24)
FN:225,(anonymous_25)
FN:229,(anonymous_26)
FN:236,(anonymous_27)
FN:245,resultCheck
FN:255,(anonymous_29)
FN:260,(anonymous_30)
FN:273,retriveFromCache
FN:275,(anonymous_32)
FN:279,(anonymous_33)
FN:300,cleanCache
FN:307,insertIntoCache
FN:310,(anonymous_36)
FNF:36
FNH:8
FNDA:1,(anonymous_1)
FNDA:0,(anonymous_2)
FNDA:0,(anonymous_3)
FNDA:0,(anonymous_4)
FNDA:0,(anonymous_5)
FNDA:0,(anonymous_6)
FNDA:0,(anonymous_7)
FNDA:0,(anonymous_8)
FNDA:1,(anonymous_9)
FNDA:0,(anonymous_10)
FNDA:0,(anonymous_11)
FNDA:0,(anonymous_12)
FNDA:1,(anonymous_13)
FNDA:0,(anonymous_14)
FNDA:0,(anonymous_15)
FNDA:0,(anonymous_16)
FNDA:0,(anonymous_17)
FNDA:0,(anonymous_18)
FNDA:1,dateDecrement
FNDA:2,dateFormat
FNDA:1,(anonymous_21)
FNDA:1,fetchloop
FNDA:0,(anonymous_23)
FNDA:0,(anonymous_24)
FNDA:0,(anonymous_25)
FNDA:0,(anonymous_26)
FNDA:0,(anonymous_27)
FNDA:0,resultCheck
FNDA:0,(anonymous_29)
FNDA:0,(anonymous_30)
FNDA:2,retriveFromCache
FNDA:0,(anonymous_32)
FNDA:0,(anonymous_33)
FNDA:0,cleanCache
FNDA:0,insertIntoCache
FNDA:0,(anonymous_36)
DA:2,1
DA:3,1
DA:4,1
DA:5,1
DA:6,1
DA:7,1
DA:9,1
DA:11,1
DA:12,1
DA:13,0
DA:14,0
DA:15,0
DA:16,0
DA:17,0
DA:18,0
DA:19,0
DA:21,0
DA:22,0
DA:23,0
DA:24,0
DA:25,0
DA:27,0
DA:28,0
DA:29,0
DA:31,0
DA:32,0
DA:35,0
DA:36,0
DA:37,0
DA:38,0
DA:39,0
DA:40,0
DA:41,0
DA:50,1
DA:51,1
DA:52,1
DA:53,0
DA:54,0
DA:55,0
DA:56,0
DA:58,0
DA:59,0
DA:65,1
DA:67,1
DA:81,1
DA:82,1
DA:83,1
DA:84,1
DA:85,0
DA:86,0
DA:88,0
DA:89,0
DA:90,0
DA:91,0
DA:92,0
DA:95,0
DA:98,1
DA:100,1
DA:102,1
DA:103,1
DA:104,0
DA:105,0
DA:106,0
DA:107,0
DA:108,0
DA:111,0
DA:115,0
DA:116,0
DA:117,0
DA:118,0
DA:119,0
DA:121,0
DA:122,0
DA:125,0
DA:126,0
DA:127,0
DA:128,0
DA:129,0
DA:130,0
DA:133,0
DA:136,0
DA:138,0
DA:143,0
DA:144,0
DA:145,0
DA:148,0
DA:152,0
DA:156,1
DA:157,1
DA:158,1
DA:159,1
DA:160,1
DA:161,1
DA:162,30
DA:163,30
DA:164,1
DA:165,1
DA:167,0
DA:168,0
DA:170,1
DA:171,1
DA:173,0
DA:174,0
DA:176,0
DA:177,0
DA:178,0
DA:182,1
DA:185,1
DA:186,2
DA:187,2
DA:188,2
DA:190,0
DA:191,2
DA:192,0
DA:194,2
DA:195,2
DA:198,1
DA:199,1
DA:200,1
DA:201,1
DA:202,1
DA:203,1
DA:204,1
DA:205,1
DA:206,1
DA:208,1
DA:209,1
DA:210,1
DA:211,1
DA:212,1
DA:213,1
DA:214,1
DA:215,0
DA:216,0
DA:217,0
DA:220,0
DA:221,0
DA:222,0
DA:223,0
DA:225,0
DA:226,0
DA:229,0
DA:230,0
DA:231,0
DA:232,0
DA:233,0
DA:236,0
DA:237,0
DA:238,0
DA:241,0
DA:245,1
DA:246,0
DA:247,0
DA:248,0
DA:249,0
DA:251,0
DA:252,0
DA:255,0
DA:259,0
DA:260,0
DA:263,0
DA:271,1
DA:273,1
DA:274,2
DA:275,2
DA:276,0
DA:278,0
DA:279,0
DA:280,0
DA:284,0
DA:285,0
DA:286,0
DA:287,0
DA:289,0
DA:290,0
DA:291,0
DA:294,0
DA:295,0
DA:300,1
DA:302,0
DA:303,0
DA:304,0
DA:307,1
DA:308,0
DA:309,0
DA:310,0
DA:311,0
DA:313,0
DA:314,0
DA:315,0
DA:316,0
LF:191
LH:65
BRDA:15,1,0,0
BRDA:15,1,1,0
BRDA:15,2,0,0
BRDA:15,2,1,0
BRDA:18,3,0,0
BRDA:18,3,1,0
BRDA:35,4,0,0
BRDA:35,4,1,0
BRDA:55,5,0,0
BRDA:55,5,1,0
BRDA:84,6,0,0
BRDA:84,6,1,1
BRDA:89,7,0,0
BRDA:89,7,1,0
BRDA:91,8,0,0
BRDA:91,8,1,0
BRDA:91,9,0,0
BRDA:91,9,1,0
BRDA:105,10,0,0
BRDA:105,10,1,0
BRDA:107,11,0,0
BRDA:107,11,1,0
BRDA:116,12,0,0
BRDA:116,12,1,0
BRDA:128,13,0,0
BRDA:128,13,1,0
BRDA:129,14,0,0
BRDA:129,14,1,0
BRDA:163,15,0,1
BRDA:163,15,1,29
BRDA:165,16,0,0
BRDA:165,16,1,0
BRDA:165,16,2,0
BRDA:165,16,3,1
BRDA:165,16,4,1
BRDA:165,16,5,1
BRDA:165,16,6,1
BRDA:165,16,7,1
BRDA:165,16,8,0
BRDA:165,16,9,0
BRDA:165,16,10,0
BRDA:165,16,11,0
BRDA:165,16,12,0
BRDA:187,17,0,2
BRDA:187,17,1,0
BRDA:191,18,0,0
BRDA:191,18,1,2
BRDA:205,19,0,1
BRDA:205,19,1,0
BRDA:215,20,0,0
BRDA:215,20,1,0
BRDA:231,21,0,0
BRDA:231,21,1,0
BRDA:246,22,0,0
BRDA:246,22,1,0
BRDA:247,23,0,0
BRDA:247,23,1,0
BRDA:248,24,0,0
BRDA:248,24,1,0
BRDA:251,25,0,0
BRDA:251,25,1,0
BRDA:259,26,0,0
BRDA:259,26,1,0
BRDA:284,27,0,0
BRDA:284,27,1,0
BRDA:284,28,0,0
BRDA:284,28,1,0
BRDA:289,29,0,0
BRDA:289,29,1,0
BRDA:290,30,0,0
BRDA:290,30,1,0
BRDA:308,31,0,0
BRDA:308,31,1,0
BRF:73
BRH:11
end_of_record
